Using pre-set license
Built from '2020.3/staging' branch; Version is '2020.3.19f1 (68f137dc9bbe) revision 6877495'; Using compiler version '192528614'; Build Type 'Release'
OS: 'Windows 10 Home; OS build 19043.1288; Version 2009; 64bit' Language: 'en' Physical Memory: 16278 MB
BatchMode: 1, IsHumanControllingUs: 0, StartBugReporterOnCrash: 0, Is64bit: 1, IsPro: 0

COMMAND LINE ARGUMENTS:
C:\Program Files\Unity\Hub\Editor\2020.3.19f1\Editor\Unity.exe
-adb2
-batchMode
-noUpm
-name
AssetImportWorker0
-projectPath
C:/Users/16692/Downloads/UCLA_Tech Seminar GitHub/30th-October-2021
-logFile
Logs/AssetImportWorker0.log
-srvPort
49942
Successfully changed project path to: C:/Users/16692/Downloads/UCLA_Tech Seminar GitHub/30th-October-2021
C:/Users/16692/Downloads/UCLA_Tech Seminar GitHub/30th-October-2021
Using Asset Import Pipeline V2.
Refreshing native plugins compatible for Editor in 34.45 ms, found 5 plugins.
Preloading 0 native plugins for Editor in 0.00 ms.
Initialize engine version: 2020.3.19f1 (68f137dc9bbe)
[Subsystems] Discovering subsystems at path C:/Program Files/Unity/Hub/Editor/2020.3.19f1/Editor/Data/Resources/UnitySubsystems
[Subsystems] Discovering subsystems at path C:/Users/16692/Downloads/UCLA_Tech Seminar GitHub/30th-October-2021/Assets
GfxDevice: creating device client; threaded=0
Direct3D:
    Version:  Direct3D 11.0 [level 11.1]
    Renderer: Radeon Pro 560X (ID=0x67ef)
    Vendor:   
    VRAM:     4040 MB
    Driver:   27.20.11036.1002
Initialize mono
Mono path[0] = 'C:/Program Files/Unity/Hub/Editor/2020.3.19f1/Editor/Data/Managed'
Mono path[1] = 'C:/Program Files/Unity/Hub/Editor/2020.3.19f1/Editor/Data/MonoBleedingEdge/lib/mono/unityjit'
Mono config path = 'C:/Program Files/Unity/Hub/Editor/2020.3.19f1/Editor/Data/MonoBleedingEdge/etc'
Using monoOptions --debugger-agent=transport=dt_socket,embedding=1,server=y,suspend=n,address=127.0.0.1:56372
Begin MonoManager ReloadAssembly
Registering precompiled unity dll's ...
Register platform support module: C:/Program Files/Unity/Hub/Editor/2020.3.19f1/Editor/Data/PlaybackEngines/WindowsStandaloneSupport/UnityEditor.WindowsStandalone.Extensions.dll
Registered in 0.001989 seconds.
Native extension for WindowsStandalone target not found
Refreshing native plugins compatible for Editor in 65.15 ms, found 5 plugins.
Preloading 0 native plugins for Editor in 0.00 ms.
Mono: successfully reloaded assembly
- Completed reload, in  1.894 seconds
Domain Reload Profiling:
	ReloadAssembly (1894ms)
		BeginReloadAssembly (52ms)
			ExecutionOrderSort (0ms)
			DisableScriptedObjects (0ms)
			BackupInstance (0ms)
			ReleaseScriptingObjects (0ms)
			CreateAndSetChildDomain (1ms)
		EndReloadAssembly (452ms)
			LoadAssemblies (49ms)
			RebuildTransferFunctionScriptingTraits (0ms)
			SetupTypeCache (145ms)
			ReleaseScriptCaches (0ms)
			RebuildScriptCaches (31ms)
			SetupLoadedEditorAssemblies (209ms)
				LogAssemblyErrors (0ms)
				InitializePlatformSupportModulesInManaged (4ms)
				SetLoadedEditorAssemblies (0ms)
				RefreshPlugins (65ms)
				BeforeProcessingInitializeOnLoad (27ms)
				ProcessInitializeOnLoadAttributes (85ms)
				ProcessInitializeOnLoadMethodAttributes (27ms)
				AfterProcessingInitializeOnLoad (0ms)
				EditorAssembliesLoaded (0ms)
			ExecutionOrderSort2 (0ms)
			AwakeInstancesAfterBackupRestoration (0ms)
Platform modules already initialized, skipping
Registering precompiled user dll's ...
Registered in 0.003288 seconds.
Begin MonoManager ReloadAssembly
Native extension for WindowsStandalone target not found
Refreshing native plugins compatible for Editor in 0.36 ms, found 5 plugins.
Preloading 0 native plugins for Editor in 0.00 ms.
Mono: successfully reloaded assembly
- Completed reload, in  1.000 seconds
Domain Reload Profiling:
	ReloadAssembly (1001ms)
		BeginReloadAssembly (137ms)
			ExecutionOrderSort (0ms)
			DisableScriptedObjects (4ms)
			BackupInstance (0ms)
			ReleaseScriptingObjects (0ms)
			CreateAndSetChildDomain (17ms)
		EndReloadAssembly (804ms)
			LoadAssemblies (79ms)
			RebuildTransferFunctionScriptingTraits (0ms)
			SetupTypeCache (256ms)
			ReleaseScriptCaches (0ms)
			RebuildScriptCaches (41ms)
			SetupLoadedEditorAssemblies (339ms)
				LogAssemblyErrors (0ms)
				InitializePlatformSupportModulesInManaged (5ms)
				SetLoadedEditorAssemblies (0ms)
				RefreshPlugins (0ms)
				BeforeProcessingInitializeOnLoad (76ms)
				ProcessInitializeOnLoadAttributes (246ms)
				ProcessInitializeOnLoadMethodAttributes (4ms)
				AfterProcessingInitializeOnLoad (7ms)
				EditorAssembliesLoaded (0ms)
			ExecutionOrderSort2 (0ms)
			AwakeInstancesAfterBackupRestoration (6ms)
Platform modules already initialized, skipping
========================================================================
Worker process is ready to serve import requests
Launched and connected shader compiler UnityShaderCompiler.exe after 0.06 seconds
Refreshing native plugins compatible for Editor in 0.38 ms, found 5 plugins.
Preloading 0 native plugins for Editor in 0.00 ms.
Unloading 1594 Unused Serialized files (Serialized files now loaded: 0)
System memory in use before: 72.8 MB.
System memory in use after: 72.9 MB.

Unloading 23 unused Assets to reduce memory usage. Loaded Objects now: 2026.
Total: 2.695700 ms (FindLiveObjects: 0.155600 ms CreateObjectMapping: 0.050000 ms MarkObjects: 2.432300 ms  DeleteObjects: 0.057100 ms)

AssetImportParameters requested are different than current active one (requested -> active):
  custom:framework-win-MediaFoundation: 216162199b28c13a410421893ffa2e32 -> 
  custom:video-decoder-ogg-theora: a1e56fd34408186e4bbccfd4996cb3dc -> 
  custom:container-muxer-webm: aa71ff27fc2769a1b78a27578f13a17b -> 
  custom:container-demuxer-webm: 4f35f7cbe854078d1ac9338744f61a02 -> 
  custom:container-demuxer-ogg: 62fdf1f143b41e24485cea50d1cbac27 -> 
  custom:video-encoder-webm-vp8: eb34c28f22e8b96e1ab97ce403110664 -> 
  custom:video-decoder-webm-vp8: 9c59270c3fd7afecdb556c50c9e8de78 -> 
  custom:audio-decoder-ogg-vorbis: bf7c407c2cedff20999df2af8eb42d56 -> 
  custom:audio-encoder-webm-vorbis: bf7c407c2cedff20999df2af8eb42d56 -> 
========================================================================
Received Import Request.
  path: Assets/_Prefabs/Target.prefab
  artifactKey: Guid(522debe513c2686419480c38154760d5) Importer(815301076,1909f56bfc062723c751e8b465ee728b)
Start importing Assets/_Prefabs/Target.prefab using Guid(522debe513c2686419480c38154760d5) Importer(815301076,1909f56bfc062723c751e8b465ee728b)  -> (artifact id: '178dea6b3207f304bcdcece9f177ee60') in 0.105106 seconds 
  Import took 0.107577 seconds .

========================================================================
Received Import Request.
  Time since last request: 0.000179 seconds.
  path: Assets/_Prefabs/robomeshfull.prefab
  artifactKey: Guid(cb5fa000272643645a0b4472758adf4f) Importer(815301076,1909f56bfc062723c751e8b465ee728b)
Start importing Assets/_Prefabs/robomeshfull.prefab using Guid(cb5fa000272643645a0b4472758adf4f) Importer(815301076,1909f56bfc062723c751e8b465ee728b)  -> (artifact id: '348fe24279664b3dab893036b9d3d543') in 0.028114 seconds 
  Import took 0.030571 seconds .

========================================================================
Received Import Request.
  Time since last request: 0.000149 seconds.
  path: Assets/_Prefabs/GunClump.prefab
  artifactKey: Guid(597438e930c714e4d83503fc56f4fb40) Importer(815301076,1909f56bfc062723c751e8b465ee728b)
Start importing Assets/_Prefabs/GunClump.prefab using Guid(597438e930c714e4d83503fc56f4fb40) Importer(815301076,1909f56bfc062723c751e8b465ee728b)  -> (artifact id: '0fbd5fdc16dd886f3eea3c49798891c2') in 0.013730 seconds 
  Import took 0.016149 seconds .

========================================================================
Received Import Request.
  Time since last request: 0.000127 seconds.
  path: Assets/_Prefabs/Factory2.prefab
  artifactKey: Guid(1c4b2b7ce298abc41bb75f3a13993f52) Importer(815301076,1909f56bfc062723c751e8b465ee728b)
Start importing Assets/_Prefabs/Factory2.prefab using Guid(1c4b2b7ce298abc41bb75f3a13993f52) Importer(815301076,1909f56bfc062723c751e8b465ee728b)  -> (artifact id: '1e5c015d89489dfb463c8907052fd8d8') in 0.013409 seconds 
  Import took 0.016149 seconds .

========================================================================
Received Import Request.
  Time since last request: 0.000190 seconds.
  path: Assets/_Prefabs/Factory01.prefab
  artifactKey: Guid(1c6e29433ecd385499ba8d40be79dc8c) Importer(815301076,1909f56bfc062723c751e8b465ee728b)
Start importing Assets/_Prefabs/Factory01.prefab using Guid(1c6e29433ecd385499ba8d40be79dc8c) Importer(815301076,1909f56bfc062723c751e8b465ee728b)  -> (artifact id: '00ae7c9c1e294407b84eed7c9d8657bf') in 0.014175 seconds 
  Import took 0.016670 seconds .

========================================================================
Received Import Request.
  Time since last request: 0.000140 seconds.
  path: Assets/_Prefabs/hover text.prefab
  artifactKey: Guid(6febc3a6e6f7824408a5d75f63b8291a) Importer(815301076,1909f56bfc062723c751e8b465ee728b)
Start importing Assets/_Prefabs/hover text.prefab using Guid(6febc3a6e6f7824408a5d75f63b8291a) Importer(815301076,1909f56bfc062723c751e8b465ee728b)  -> (artifact id: '975f0cd862f557ba844380701362b642') in 0.007566 seconds 
  Import took 0.009883 seconds .

========================================================================
Received Import Request.
  Time since last request: 0.000163 seconds.
  path: Assets/_Prefabs/Robot-Meters Scale.prefab
  artifactKey: Guid(023376df6b91646488df7d7f567b768f) Importer(815301076,1909f56bfc062723c751e8b465ee728b)
Start importing Assets/_Prefabs/Robot-Meters Scale.prefab using Guid(023376df6b91646488df7d7f567b768f) Importer(815301076,1909f56bfc062723c751e8b465ee728b)  -> (artifact id: '7dee790068075aa56541ed3bdde640ea') in 0.014167 seconds 
  Import took 0.017049 seconds .

========================================================================
Received Import Request.
  Time since last request: 0.000131 seconds.
  path: Assets/_Prefabs/Target-4.prefab
  artifactKey: Guid(5e29c5ad959204f4f9d80a4c1f2844c3) Importer(815301076,1909f56bfc062723c751e8b465ee728b)
Start importing Assets/_Prefabs/Target-4.prefab using Guid(5e29c5ad959204f4f9d80a4c1f2844c3) Importer(815301076,1909f56bfc062723c751e8b465ee728b)  -> (artifact id: '0458ec3b3248cc7afe2bb1db4cf52359') in 0.011313 seconds 
  Import took 0.013612 seconds .

========================================================================
Received Import Request.
  Time since last request: 0.000179 seconds.
  path: Assets/_Prefabs/Target3.prefab
  artifactKey: Guid(8f188318e4d01cb4e94f723958bf7ab8) Importer(815301076,1909f56bfc062723c751e8b465ee728b)
Start importing Assets/_Prefabs/Target3.prefab using Guid(8f188318e4d01cb4e94f723958bf7ab8) Importer(815301076,1909f56bfc062723c751e8b465ee728b)  -> (artifact id: '037f9236893e662b4e3ed82cd639d98b') in 0.011149 seconds 
  Import took 0.013529 seconds .

========================================================================
Received Import Request.
  Time since last request: 0.000159 seconds.
  path: Assets/_Prefabs/twist.prefab
  artifactKey: Guid(b43c10e83dc482b4eb0103a4311c60e9) Importer(815301076,1909f56bfc062723c751e8b465ee728b)
Start importing Assets/_Prefabs/twist.prefab using Guid(b43c10e83dc482b4eb0103a4311c60e9) Importer(815301076,1909f56bfc062723c751e8b465ee728b)  -> (artifact id: '8d26552354425508e8d233e12a5e49ce') in 0.016410 seconds 
  Import took 0.019121 seconds .

========================================================================
Received Import Request.
  Time since last request: 0.000179 seconds.
  path: Assets/_Prefabs/Twist-2.prefab
  artifactKey: Guid(27e639bee0e28f64e94f90c01ad05292) Importer(815301076,1909f56bfc062723c751e8b465ee728b)
Start importing Assets/_Prefabs/Twist-2.prefab using Guid(27e639bee0e28f64e94f90c01ad05292) Importer(815301076,1909f56bfc062723c751e8b465ee728b)  -> (artifact id: 'bf42eb3e5313ca728a49598382ecc962') in 0.014828 seconds 
  Import took 0.017518 seconds .

========================================================================
Received Import Request.
  Time since last request: 0.000223 seconds.
  path: Assets/_Prefabs/Gunnings02.prefab
  artifactKey: Guid(4ac4ac04202001044a14736f55bfdda7) Importer(815301076,1909f56bfc062723c751e8b465ee728b)
Start importing Assets/_Prefabs/Gunnings02.prefab using Guid(4ac4ac04202001044a14736f55bfdda7) Importer(815301076,1909f56bfc062723c751e8b465ee728b)  -> (artifact id: '68d0c66483a0766326c5a3a942c9554f') in 0.012699 seconds 
  Import took 0.015149 seconds .

========================================================================
Received Import Request.
  Time since last request: 0.000193 seconds.
  path: Assets/_Prefabs/GameObject.prefab
  artifactKey: Guid(14dd1342f0f9e4f478831adabb604093) Importer(815301076,1909f56bfc062723c751e8b465ee728b)
Start importing Assets/_Prefabs/GameObject.prefab using Guid(14dd1342f0f9e4f478831adabb604093) Importer(815301076,1909f56bfc062723c751e8b465ee728b)  -> (artifact id: 'a764e680bd98c77c2ac42969bdf91bd5') in 0.011233 seconds 
  Import took 0.013687 seconds .

========================================================================
Received Import Request.
  Time since last request: 0.000178 seconds.
  path: Assets/_Prefabs/Gunnings03.prefab
  artifactKey: Guid(9a0f1a49ab0130048bb1b748bb7d288a) Importer(815301076,1909f56bfc062723c751e8b465ee728b)
Start importing Assets/_Prefabs/Gunnings03.prefab using Guid(9a0f1a49ab0130048bb1b748bb7d288a) Importer(815301076,1909f56bfc062723c751e8b465ee728b)  -> (artifact id: '6978263ca4aec5eb24325ec9f4675c4c') in 0.011923 seconds 
  Import took 0.014420 seconds .

========================================================================
Received Import Request.
  Time since last request: 0.000206 seconds.
  path: Assets/_Prefabs/Robo.prefab
  artifactKey: Guid(b34388f4f6a2fbe4b93626d6008bb0c1) Importer(815301076,1909f56bfc062723c751e8b465ee728b)
Start importing Assets/_Prefabs/Robo.prefab using Guid(b34388f4f6a2fbe4b93626d6008bb0c1) Importer(815301076,1909f56bfc062723c751e8b465ee728b)  -> (artifact id: 'ae29d6c9fd58d0c7216981b5660eca73') in 0.015777 seconds 
  Import took 0.018382 seconds .

========================================================================
Received Import Request.
  Time since last request: 0.000223 seconds.
  path: Assets/_Prefabs/Target-2.prefab
  artifactKey: Guid(e14ec95c7f29ac5409aface74ac6a0a7) Importer(815301076,1909f56bfc062723c751e8b465ee728b)
Start importing Assets/_Prefabs/Target-2.prefab using Guid(e14ec95c7f29ac5409aface74ac6a0a7) Importer(815301076,1909f56bfc062723c751e8b465ee728b)  -> (artifact id: 'd5e12426f4b384efb2bc9fcb76ff6b68') in 0.011937 seconds 
  Import took 0.014389 seconds .

========================================================================
Received Import Request.
  Time since last request: 0.000236 seconds.
  path: Assets/_Prefabs/Gunnings.prefab
  artifactKey: Guid(4bab06a18234fdf478dd43c0770543b0) Importer(815301076,1909f56bfc062723c751e8b465ee728b)
Start importing Assets/_Prefabs/Gunnings.prefab using Guid(4bab06a18234fdf478dd43c0770543b0) Importer(815301076,1909f56bfc062723c751e8b465ee728b)  -> (artifact id: '49165cfdf773560128824c0041958f3e') in 0.012737 seconds 
  Import took 0.015132 seconds .

========================================================================
Received Import Request.
  Time since last request: 0.000174 seconds.
  path: Assets/_Prefabs/GUN.prefab
  artifactKey: Guid(6dd435255b319aa4dad50a5742eb6d0c) Importer(815301076,1909f56bfc062723c751e8b465ee728b)
Start importing Assets/_Prefabs/GUN.prefab using Guid(6dd435255b319aa4dad50a5742eb6d0c) Importer(815301076,1909f56bfc062723c751e8b465ee728b)  -> (artifact id: 'acfe1f8c1a65425e80ebce030bda9b16') in 0.015921 seconds 
  Import took 0.018550 seconds .

========================================================================
Received Import Request.
  Time since last request: 0.000215 seconds.
  path: Assets/_Prefabs/GunF.prefab
  artifactKey: Guid(45aedd52256fd754b9b297f4b2f204ad) Importer(815301076,1909f56bfc062723c751e8b465ee728b)
Start importing Assets/_Prefabs/GunF.prefab using Guid(45aedd52256fd754b9b297f4b2f204ad) Importer(815301076,1909f56bfc062723c751e8b465ee728b)  -> (artifact id: '87512f780230c7829461bdb8e61b794d') in 0.014776 seconds 
  Import took 0.017327 seconds .

========================================================================
Received Import Request.
  Time since last request: 54.171619 seconds.
  path: Assets/_Clump Prefabs/Head2.prefab
  artifactKey: Guid(2b53fe9a3567f254dbebacfd5f30dc41) Importer(815301076,1909f56bfc062723c751e8b465ee728b)
Start importing Assets/_Clump Prefabs/Head2.prefab using Guid(2b53fe9a3567f254dbebacfd5f30dc41) Importer(815301076,1909f56bfc062723c751e8b465ee728b)  -> (artifact id: 'e7c8c00c8fe7272b005d0276e509e56f') in 0.020448 seconds 
  Import took 0.023417 seconds .

========================================================================
Received Import Request.
  Time since last request: 25.603358 seconds.
  path: Assets/_Clump Prefabs/03
  artifactKey: Guid(5d8a1d809a24cac40a2d16ab757a2f75) Importer(815301076,1909f56bfc062723c751e8b465ee728b)
Start importing Assets/_Clump Prefabs/03 using Guid(5d8a1d809a24cac40a2d16ab757a2f75) Importer(815301076,1909f56bfc062723c751e8b465ee728b)  -> (artifact id: '6b333d3ba26e8323817ecfcc97e961e5') in 0.005877 seconds 
  Import took 0.009273 seconds .

========================================================================
Received Prepare
Registering precompiled user dll's ...
Registered in 0.003420 seconds.
Begin MonoManager ReloadAssembly
Native extension for WindowsStandalone target not found
Refreshing native plugins compatible for Editor in 0.56 ms, found 5 plugins.
Preloading 0 native plugins for Editor in 0.00 ms.
Mono: successfully reloaded assembly
- Completed reload, in  2.202 seconds
Domain Reload Profiling:
	ReloadAssembly (2203ms)
		BeginReloadAssembly (303ms)
			ExecutionOrderSort (0ms)
			DisableScriptedObjects (15ms)
			BackupInstance (0ms)
			ReleaseScriptingObjects (0ms)
			CreateAndSetChildDomain (87ms)
		EndReloadAssembly (1759ms)
			LoadAssemblies (211ms)
			RebuildTransferFunctionScriptingTraits (0ms)
			SetupTypeCache (678ms)
			ReleaseScriptCaches (2ms)
			RebuildScriptCaches (137ms)
			SetupLoadedEditorAssemblies (549ms)
				LogAssemblyErrors (0ms)
				InitializePlatformSupportModulesInManaged (8ms)
				SetLoadedEditorAssemblies (1ms)
				RefreshPlugins (1ms)
				BeforeProcessingInitializeOnLoad (132ms)
				ProcessInitializeOnLoadAttributes (369ms)
				ProcessInitializeOnLoadMethodAttributes (15ms)
				AfterProcessingInitializeOnLoad (23ms)
				EditorAssembliesLoaded (1ms)
			ExecutionOrderSort2 (0ms)
			AwakeInstancesAfterBackupRestoration (23ms)
Platform modules already initialized, skipping
Refreshing native plugins compatible for Editor in 0.85 ms, found 5 plugins.
Preloading 0 native plugins for Editor in 0.00 ms.
Unloading 1582 Unused Serialized files (Serialized files now loaded: 0)
System memory in use before: 75.3 MB.
System memory in use after: 75.4 MB.

Unloading 19 unused Assets to reduce memory usage. Loaded Objects now: 2039.
Total: 7.131200 ms (FindLiveObjects: 0.343400 ms CreateObjectMapping: 0.146000 ms MarkObjects: 6.584000 ms  DeleteObjects: 0.054700 ms)

AssetImportParameters requested are different than current active one (requested -> active):
  custom:framework-win-MediaFoundation: 216162199b28c13a410421893ffa2e32 -> 
  custom:video-decoder-ogg-theora: a1e56fd34408186e4bbccfd4996cb3dc -> 
  custom:container-muxer-webm: aa71ff27fc2769a1b78a27578f13a17b -> 
  custom:container-demuxer-webm: 4f35f7cbe854078d1ac9338744f61a02 -> 
  custom:container-demuxer-ogg: 62fdf1f143b41e24485cea50d1cbac27 -> 
  custom:video-encoder-webm-vp8: eb34c28f22e8b96e1ab97ce403110664 -> 
  custom:video-decoder-webm-vp8: 9c59270c3fd7afecdb556c50c9e8de78 -> 
  custom:audio-decoder-ogg-vorbis: bf7c407c2cedff20999df2af8eb42d56 -> 
  custom:audio-encoder-webm-vorbis: bf7c407c2cedff20999df2af8eb42d56 -> 
========================================================================
Received Import Request.
  Time since last request: 416.915835 seconds.
  path: Assets/_Clump Prefabs
  artifactKey: Guid(2ea4d010fe84483408906900200b827e) Importer(815301076,1909f56bfc062723c751e8b465ee728b)
Start importing Assets/_Clump Prefabs using Guid(2ea4d010fe84483408906900200b827e) Importer(815301076,1909f56bfc062723c751e8b465ee728b)  -> (artifact id: 'e5a79be3b878aea11ff9623a0e41ff17') in 0.008588 seconds 
  Import took 0.011245 seconds .

========================================================================
Received Prepare
Registering precompiled user dll's ...
Registered in 0.003782 seconds.
Begin MonoManager ReloadAssembly
Native extension for WindowsStandalone target not found
Refreshing native plugins compatible for Editor in 0.36 ms, found 5 plugins.
Preloading 0 native plugins for Editor in 0.00 ms.
Mono: successfully reloaded assembly
- Completed reload, in  0.867 seconds
Domain Reload Profiling:
	ReloadAssembly (868ms)
		BeginReloadAssembly (96ms)
			ExecutionOrderSort (0ms)
			DisableScriptedObjects (5ms)
			BackupInstance (0ms)
			ReleaseScriptingObjects (0ms)
			CreateAndSetChildDomain (29ms)
		EndReloadAssembly (716ms)
			LoadAssemblies (77ms)
			RebuildTransferFunctionScriptingTraits (0ms)
			SetupTypeCache (233ms)
			ReleaseScriptCaches (1ms)
			RebuildScriptCaches (36ms)
			SetupLoadedEditorAssemblies (276ms)
				LogAssemblyErrors (0ms)
				InitializePlatformSupportModulesInManaged (4ms)
				SetLoadedEditorAssemblies (0ms)
				RefreshPlugins (0ms)
				BeforeProcessingInitializeOnLoad (67ms)
				ProcessInitializeOnLoadAttributes (195ms)
				ProcessInitializeOnLoadMethodAttributes (4ms)
				AfterProcessingInitializeOnLoad (6ms)
				EditorAssembliesLoaded (0ms)
			ExecutionOrderSort2 (0ms)
			AwakeInstancesAfterBackupRestoration (6ms)
Platform modules already initialized, skipping
Refreshing native plugins compatible for Editor in 0.35 ms, found 5 plugins.
Preloading 0 native plugins for Editor in 0.00 ms.
Unloading 1582 Unused Serialized files (Serialized files now loaded: 0)
System memory in use before: 75.4 MB.
System memory in use after: 75.5 MB.

Unloading 18 unused Assets to reduce memory usage. Loaded Objects now: 2041.
Total: 2.820300 ms (FindLiveObjects: 0.156800 ms CreateObjectMapping: 0.041100 ms MarkObjects: 2.606100 ms  DeleteObjects: 0.015400 ms)

AssetImportParameters requested are different than current active one (requested -> active):
  custom:framework-win-MediaFoundation: 216162199b28c13a410421893ffa2e32 -> 
  custom:video-decoder-ogg-theora: a1e56fd34408186e4bbccfd4996cb3dc -> 
  custom:container-muxer-webm: aa71ff27fc2769a1b78a27578f13a17b -> 
  custom:container-demuxer-webm: 4f35f7cbe854078d1ac9338744f61a02 -> 
  custom:container-demuxer-ogg: 62fdf1f143b41e24485cea50d1cbac27 -> 
  custom:video-encoder-webm-vp8: eb34c28f22e8b96e1ab97ce403110664 -> 
  custom:video-decoder-webm-vp8: 9c59270c3fd7afecdb556c50c9e8de78 -> 
  custom:audio-decoder-ogg-vorbis: bf7c407c2cedff20999df2af8eb42d56 -> 
  custom:audio-encoder-webm-vorbis: bf7c407c2cedff20999df2af8eb42d56 -> 
========================================================================
Received Import Request.
  Time since last request: 2287.255972 seconds.
  path: Assets/_Clump Prefabs/LIGHT02.prefab
  artifactKey: Guid(e7998fe0f45bf1f4aa6c57aecb01641b) Importer(815301076,1909f56bfc062723c751e8b465ee728b)
Start importing Assets/_Clump Prefabs/LIGHT02.prefab using Guid(e7998fe0f45bf1f4aa6c57aecb01641b) Importer(815301076,1909f56bfc062723c751e8b465ee728b)  -> (artifact id: '5349a71247c60cdeb539cd9ac2d072e9') in 0.065270 seconds 
  Import took 0.068875 seconds .

========================================================================
Received Import Request.
  Time since last request: 18.341251 seconds.
  path: Assets/_Clump Prefabs/02_TWIST.prefab
  artifactKey: Guid(4fe55d23f6b202a4c855b61be6dfe4c0) Importer(815301076,1909f56bfc062723c751e8b465ee728b)
Start importing Assets/_Clump Prefabs/02_TWIST.prefab using Guid(4fe55d23f6b202a4c855b61be6dfe4c0) Importer(815301076,1909f56bfc062723c751e8b465ee728b)  -> (artifact id: '45b327c0cfe7255748fd29db38342dd2') in 0.020318 seconds 
  Import took 0.024011 seconds .

========================================================================
Received Prepare
Registering precompiled user dll's ...
Registered in 0.009317 seconds.
Begin MonoManager ReloadAssembly
Native extension for WindowsStandalone target not found
Refreshing native plugins compatible for Editor in 0.89 ms, found 5 plugins.
Preloading 0 native plugins for Editor in 0.00 ms.
Mono: successfully reloaded assembly
- Completed reload, in  2.493 seconds
Domain Reload Profiling:
	ReloadAssembly (2494ms)
		BeginReloadAssembly (248ms)
			ExecutionOrderSort (0ms)
			DisableScriptedObjects (12ms)
			BackupInstance (0ms)
			ReleaseScriptingObjects (0ms)
			CreateAndSetChildDomain (75ms)
		EndReloadAssembly (2072ms)
			LoadAssemblies (232ms)
			RebuildTransferFunctionScriptingTraits (0ms)
			SetupTypeCache (711ms)
			ReleaseScriptCaches (1ms)
			RebuildScriptCaches (108ms)
			SetupLoadedEditorAssemblies (757ms)
				LogAssemblyErrors (0ms)
				InitializePlatformSupportModulesInManaged (13ms)
				SetLoadedEditorAssemblies (2ms)
				RefreshPlugins (1ms)
				BeforeProcessingInitializeOnLoad (203ms)
				ProcessInitializeOnLoadAttributes (508ms)
				ProcessInitializeOnLoadMethodAttributes (13ms)
				AfterProcessingInitializeOnLoad (17ms)
				EditorAssembliesLoaded (1ms)
			ExecutionOrderSort2 (0ms)
			AwakeInstancesAfterBackupRestoration (18ms)
Platform modules already initialized, skipping
Refreshing native plugins compatible for Editor in 0.74 ms, found 5 plugins.
Preloading 0 native plugins for Editor in 0.00 ms.
Unloading 1582 Unused Serialized files (Serialized files now loaded: 0)
System memory in use before: 75.4 MB.
System memory in use after: 75.5 MB.

Unloading 18 unused Assets to reduce memory usage. Loaded Objects now: 2044.
Total: 6.249600 ms (FindLiveObjects: 0.304200 ms CreateObjectMapping: 0.126500 ms MarkObjects: 5.779900 ms  DeleteObjects: 0.036500 ms)

AssetImportParameters requested are different than current active one (requested -> active):
  custom:framework-win-MediaFoundation: 216162199b28c13a410421893ffa2e32 -> 
  custom:video-decoder-ogg-theora: a1e56fd34408186e4bbccfd4996cb3dc -> 
  custom:container-muxer-webm: aa71ff27fc2769a1b78a27578f13a17b -> 
  custom:container-demuxer-webm: 4f35f7cbe854078d1ac9338744f61a02 -> 
  custom:container-demuxer-ogg: 62fdf1f143b41e24485cea50d1cbac27 -> 
  custom:video-encoder-webm-vp8: eb34c28f22e8b96e1ab97ce403110664 -> 
  custom:video-decoder-webm-vp8: 9c59270c3fd7afecdb556c50c9e8de78 -> 
  custom:audio-decoder-ogg-vorbis: bf7c407c2cedff20999df2af8eb42d56 -> 
  custom:audio-encoder-webm-vorbis: bf7c407c2cedff20999df2af8eb42d56 -> 
AssetImportWorkerClient::OnTransportError - code=2 error=End of file
