Using pre-set license
Built from '2020.3/staging' branch; Version is '2020.3.19f1 (68f137dc9bbe) revision 6877495'; Using compiler version '192528614'; Build Type 'Release'
OS: 'Windows 10 Home; OS build 19043.1288; Version 2009; 64bit' Language: 'en' Physical Memory: 16278 MB
BatchMode: 1, IsHumanControllingUs: 0, StartBugReporterOnCrash: 0, Is64bit: 1, IsPro: 0

COMMAND LINE ARGUMENTS:
C:\Program Files\Unity\Hub\Editor\2020.3.19f1\Editor\Unity.exe
-adb2
-batchMode
-noUpm
-name
AssetImportWorker0
-projectPath
C:/Users/16692/Downloads/UCLA_Tech Seminar GitHub/30th-October-2021
-logFile
Logs/AssetImportWorker0.log
-srvPort
57645
Successfully changed project path to: C:/Users/16692/Downloads/UCLA_Tech Seminar GitHub/30th-October-2021
C:/Users/16692/Downloads/UCLA_Tech Seminar GitHub/30th-October-2021
Using Asset Import Pipeline V2.
Refreshing native plugins compatible for Editor in 58.88 ms, found 5 plugins.
Preloading 0 native plugins for Editor in 0.00 ms.
Initialize engine version: 2020.3.19f1 (68f137dc9bbe)
[Subsystems] Discovering subsystems at path C:/Program Files/Unity/Hub/Editor/2020.3.19f1/Editor/Data/Resources/UnitySubsystems
[Subsystems] Discovering subsystems at path C:/Users/16692/Downloads/UCLA_Tech Seminar GitHub/30th-October-2021/Assets
GfxDevice: creating device client; threaded=0
Direct3D:
    Version:  Direct3D 11.0 [level 11.1]
    Renderer: Radeon Pro 560X (ID=0x67ef)
    Vendor:   
    VRAM:     4040 MB
    Driver:   27.20.11036.1002
Initialize mono
Mono path[0] = 'C:/Program Files/Unity/Hub/Editor/2020.3.19f1/Editor/Data/Managed'
Mono path[1] = 'C:/Program Files/Unity/Hub/Editor/2020.3.19f1/Editor/Data/MonoBleedingEdge/lib/mono/unityjit'
Mono config path = 'C:/Program Files/Unity/Hub/Editor/2020.3.19f1/Editor/Data/MonoBleedingEdge/etc'
Using monoOptions --debugger-agent=transport=dt_socket,embedding=1,server=y,suspend=n,address=127.0.0.1:56256
Begin MonoManager ReloadAssembly
Registering precompiled unity dll's ...
Register platform support module: C:/Program Files/Unity/Hub/Editor/2020.3.19f1/Editor/Data/PlaybackEngines/WindowsStandaloneSupport/UnityEditor.WindowsStandalone.Extensions.dll
Registered in 0.001620 seconds.
Native extension for WindowsStandalone target not found
Refreshing native plugins compatible for Editor in 30.21 ms, found 5 plugins.
Preloading 0 native plugins for Editor in 0.00 ms.
Mono: successfully reloaded assembly
- Completed reload, in  2.852 seconds
Domain Reload Profiling:
	ReloadAssembly (2852ms)
		BeginReloadAssembly (87ms)
			ExecutionOrderSort (0ms)
			DisableScriptedObjects (0ms)
			BackupInstance (0ms)
			ReleaseScriptingObjects (0ms)
			CreateAndSetChildDomain (1ms)
		EndReloadAssembly (363ms)
			LoadAssemblies (83ms)
			RebuildTransferFunctionScriptingTraits (0ms)
			SetupTypeCache (129ms)
			ReleaseScriptCaches (0ms)
			RebuildScriptCaches (28ms)
			SetupLoadedEditorAssemblies (142ms)
				LogAssemblyErrors (0ms)
				InitializePlatformSupportModulesInManaged (3ms)
				SetLoadedEditorAssemblies (0ms)
				RefreshPlugins (30ms)
				BeforeProcessingInitializeOnLoad (15ms)
				ProcessInitializeOnLoadAttributes (70ms)
				ProcessInitializeOnLoadMethodAttributes (24ms)
				AfterProcessingInitializeOnLoad (0ms)
				EditorAssembliesLoaded (0ms)
			ExecutionOrderSort2 (0ms)
			AwakeInstancesAfterBackupRestoration (0ms)
Platform modules already initialized, skipping
Registering precompiled user dll's ...
Registered in 0.002986 seconds.
Begin MonoManager ReloadAssembly
Native extension for WindowsStandalone target not found
Refreshing native plugins compatible for Editor in 0.53 ms, found 5 plugins.
Preloading 0 native plugins for Editor in 0.00 ms.
Mono: successfully reloaded assembly
- Completed reload, in  1.335 seconds
Domain Reload Profiling:
	ReloadAssembly (1336ms)
		BeginReloadAssembly (127ms)
			ExecutionOrderSort (0ms)
			DisableScriptedObjects (4ms)
			BackupInstance (0ms)
			ReleaseScriptingObjects (0ms)
			CreateAndSetChildDomain (16ms)
		EndReloadAssembly (1153ms)
			LoadAssemblies (76ms)
			RebuildTransferFunctionScriptingTraits (0ms)
			SetupTypeCache (294ms)
			ReleaseScriptCaches (1ms)
			RebuildScriptCaches (70ms)
			SetupLoadedEditorAssemblies (524ms)
				LogAssemblyErrors (0ms)
				InitializePlatformSupportModulesInManaged (8ms)
				SetLoadedEditorAssemblies (1ms)
				RefreshPlugins (1ms)
				BeforeProcessingInitializeOnLoad (133ms)
				ProcessInitializeOnLoadAttributes (363ms)
				ProcessInitializeOnLoadMethodAttributes (7ms)
				AfterProcessingInitializeOnLoad (12ms)
				EditorAssembliesLoaded (0ms)
			ExecutionOrderSort2 (0ms)
			AwakeInstancesAfterBackupRestoration (11ms)
Platform modules already initialized, skipping
========================================================================
Worker process is ready to serve import requests
Launched and connected shader compiler UnityShaderCompiler.exe after 0.10 seconds
Refreshing native plugins compatible for Editor in 0.52 ms, found 5 plugins.
Preloading 0 native plugins for Editor in 0.00 ms.
Unloading 1594 Unused Serialized files (Serialized files now loaded: 0)
System memory in use before: 72.8 MB.
System memory in use after: 72.9 MB.

Unloading 23 unused Assets to reduce memory usage. Loaded Objects now: 2026.
Total: 3.983500 ms (FindLiveObjects: 0.203900 ms CreateObjectMapping: 0.081600 ms MarkObjects: 3.613700 ms  DeleteObjects: 0.083000 ms)

AssetImportParameters requested are different than current active one (requested -> active):
  custom:framework-win-MediaFoundation: 216162199b28c13a410421893ffa2e32 -> 
  custom:video-decoder-ogg-theora: a1e56fd34408186e4bbccfd4996cb3dc -> 
  custom:container-muxer-webm: aa71ff27fc2769a1b78a27578f13a17b -> 
  custom:container-demuxer-webm: 4f35f7cbe854078d1ac9338744f61a02 -> 
  custom:container-demuxer-ogg: 62fdf1f143b41e24485cea50d1cbac27 -> 
  custom:video-encoder-webm-vp8: eb34c28f22e8b96e1ab97ce403110664 -> 
  custom:video-decoder-webm-vp8: 9c59270c3fd7afecdb556c50c9e8de78 -> 
  custom:audio-decoder-ogg-vorbis: bf7c407c2cedff20999df2af8eb42d56 -> 
  custom:audio-encoder-webm-vorbis: bf7c407c2cedff20999df2af8eb42d56 -> 
========================================================================
Received Import Request.
  path: Assets/Models/robomeshfull.fbx
  artifactKey: Guid(2eac142b7ff60af469ae922a1ef24f84) Importer(815301076,1909f56bfc062723c751e8b465ee728b)
Start importing Assets/Models/robomeshfull.fbx using Guid(2eac142b7ff60af469ae922a1ef24f84) Importer(815301076,1909f56bfc062723c751e8b465ee728b)  -> (artifact id: 'b5224f51bbd850b581706f435b099c19') in 0.299789 seconds 
  Import took 0.304346 seconds .

========================================================================
Received Import Request.
  Time since last request: 0.000208 seconds.
  path: Assets/Models/stairs.fbx
  artifactKey: Guid(54348e5b176985349aa51c1bb262c7bb) Importer(815301076,1909f56bfc062723c751e8b465ee728b)
Start importing Assets/Models/stairs.fbx using Guid(54348e5b176985349aa51c1bb262c7bb) Importer(815301076,1909f56bfc062723c751e8b465ee728b)  -> (artifact id: '21234eebf72b2ee81721a073a948d746') in 0.094320 seconds 
  Import took 0.098178 seconds .

========================================================================
Received Import Request.
  Time since last request: 0.000287 seconds.
  path: Assets/Models/New Terrain.asset
  artifactKey: Guid(c197784f0e8d2c34da0fa1c345fe5cf6) Importer(815301076,1909f56bfc062723c751e8b465ee728b)
Start importing Assets/Models/New Terrain.asset using Guid(c197784f0e8d2c34da0fa1c345fe5cf6) Importer(815301076,1909f56bfc062723c751e8b465ee728b)  -> (artifact id: '1a89d869a84953b9c536abdb6bcdb99d') in 0.029584 seconds 
  Import took 0.034130 seconds .

========================================================================
Received Import Request.
  Time since last request: 0.000201 seconds.
  path: Assets/Models/headagent.fbx
  artifactKey: Guid(6fce8acdb2b087346bfaa8482ac0173f) Importer(815301076,1909f56bfc062723c751e8b465ee728b)
Start importing Assets/Models/headagent.fbx using Guid(6fce8acdb2b087346bfaa8482ac0173f) Importer(815301076,1909f56bfc062723c751e8b465ee728b)  -> (artifact id: 'dbde9d86fe5370764ee55a9d2101e58e') in 0.047914 seconds 
  Import took 0.051653 seconds .

========================================================================
Received Import Request.
  Time since last request: 5.055944 seconds.
  path: Assets/MyScripts/Reset.cs
  artifactKey: Guid(a38886af580c63a41acb780053e6ec0c) Importer(815301076,1909f56bfc062723c751e8b465ee728b)
Start importing Assets/MyScripts/Reset.cs using Guid(a38886af580c63a41acb780053e6ec0c) Importer(815301076,1909f56bfc062723c751e8b465ee728b)  -> (artifact id: '162eba22f63323703ddb2cfa733a5dfa') in 0.041787 seconds 
  Import took 0.045811 seconds .

========================================================================
Received Import Request.
  Time since last request: 43.442834 seconds.
  path: Assets/MyScripts/Reset.cs
  artifactKey: Guid(a38886af580c63a41acb780053e6ec0c) Importer(815301076,1909f56bfc062723c751e8b465ee728b)
Start importing Assets/MyScripts/Reset.cs using Guid(a38886af580c63a41acb780053e6ec0c) Importer(815301076,1909f56bfc062723c751e8b465ee728b)  -> (artifact id: 'dfa3538f908a7f574cd42ed2e84280e2') in 0.003969 seconds 
  Import took 0.011524 seconds .

========================================================================
Received Prepare
Registering precompiled user dll's ...
Registered in 0.005266 seconds.
Begin MonoManager ReloadAssembly
Native extension for WindowsStandalone target not found
Refreshing native plugins compatible for Editor in 0.54 ms, found 5 plugins.
Preloading 0 native plugins for Editor in 0.00 ms.
Mono: successfully reloaded assembly
- Completed reload, in  1.523 seconds
Domain Reload Profiling:
	ReloadAssembly (1523ms)
		BeginReloadAssembly (166ms)
			ExecutionOrderSort (0ms)
			DisableScriptedObjects (7ms)
			BackupInstance (0ms)
			ReleaseScriptingObjects (0ms)
			CreateAndSetChildDomain (50ms)
		EndReloadAssembly (1253ms)
			LoadAssemblies (140ms)
			RebuildTransferFunctionScriptingTraits (0ms)
			SetupTypeCache (442ms)
			ReleaseScriptCaches (1ms)
			RebuildScriptCaches (64ms)
			SetupLoadedEditorAssemblies (452ms)
				LogAssemblyErrors (0ms)
				InitializePlatformSupportModulesInManaged (8ms)
				SetLoadedEditorAssemblies (1ms)
				RefreshPlugins (1ms)
				BeforeProcessingInitializeOnLoad (120ms)
				ProcessInitializeOnLoadAttributes (303ms)
				ProcessInitializeOnLoadMethodAttributes (8ms)
				AfterProcessingInitializeOnLoad (11ms)
				EditorAssembliesLoaded (0ms)
			ExecutionOrderSort2 (0ms)
			AwakeInstancesAfterBackupRestoration (11ms)
Platform modules already initialized, skipping
Refreshing native plugins compatible for Editor in 0.58 ms, found 5 plugins.
Preloading 0 native plugins for Editor in 0.00 ms.
Unloading 1583 Unused Serialized files (Serialized files now loaded: 0)
System memory in use before: 75.6 MB.
System memory in use after: 75.7 MB.

Unloading 18 unused Assets to reduce memory usage. Loaded Objects now: 2072.
Total: 4.200100 ms (FindLiveObjects: 0.212600 ms CreateObjectMapping: 0.076300 ms MarkObjects: 3.883500 ms  DeleteObjects: 0.026400 ms)

AssetImportParameters requested are different than current active one (requested -> active):
  custom:framework-win-MediaFoundation: 216162199b28c13a410421893ffa2e32 -> 
  custom:video-decoder-ogg-theora: a1e56fd34408186e4bbccfd4996cb3dc -> 
  custom:container-muxer-webm: aa71ff27fc2769a1b78a27578f13a17b -> 
  custom:container-demuxer-webm: 4f35f7cbe854078d1ac9338744f61a02 -> 
  custom:container-demuxer-ogg: 62fdf1f143b41e24485cea50d1cbac27 -> 
  custom:video-encoder-webm-vp8: eb34c28f22e8b96e1ab97ce403110664 -> 
  custom:video-decoder-webm-vp8: 9c59270c3fd7afecdb556c50c9e8de78 -> 
  custom:audio-decoder-ogg-vorbis: bf7c407c2cedff20999df2af8eb42d56 -> 
  custom:audio-encoder-webm-vorbis: bf7c407c2cedff20999df2af8eb42d56 -> 
========================================================================
Received Prepare
Registering precompiled user dll's ...
Registered in 0.003444 seconds.
Begin MonoManager ReloadAssembly
Native extension for WindowsStandalone target not found
Refreshing native plugins compatible for Editor in 0.40 ms, found 5 plugins.
Preloading 0 native plugins for Editor in 0.00 ms.
Mono: successfully reloaded assembly
- Completed reload, in  1.023 seconds
Domain Reload Profiling:
	ReloadAssembly (1023ms)
		BeginReloadAssembly (92ms)
			ExecutionOrderSort (0ms)
			DisableScriptedObjects (4ms)
			BackupInstance (0ms)
			ReleaseScriptingObjects (0ms)
			CreateAndSetChildDomain (28ms)
		EndReloadAssembly (874ms)
			LoadAssemblies (75ms)
			RebuildTransferFunctionScriptingTraits (0ms)
			SetupTypeCache (235ms)
			ReleaseScriptCaches (1ms)
			RebuildScriptCaches (35ms)
			SetupLoadedEditorAssemblies (429ms)
				LogAssemblyErrors (0ms)
				InitializePlatformSupportModulesInManaged (5ms)
				SetLoadedEditorAssemblies (0ms)
				RefreshPlugins (0ms)
				BeforeProcessingInitializeOnLoad (92ms)
				ProcessInitializeOnLoadAttributes (314ms)
				ProcessInitializeOnLoadMethodAttributes (7ms)
				AfterProcessingInitializeOnLoad (11ms)
				EditorAssembliesLoaded (0ms)
			ExecutionOrderSort2 (0ms)
			AwakeInstancesAfterBackupRestoration (11ms)
Platform modules already initialized, skipping
Refreshing native plugins compatible for Editor in 0.58 ms, found 5 plugins.
Preloading 0 native plugins for Editor in 0.00 ms.
Unloading 1583 Unused Serialized files (Serialized files now loaded: 0)
System memory in use before: 75.6 MB.
System memory in use after: 75.7 MB.

Unloading 18 unused Assets to reduce memory usage. Loaded Objects now: 2074.
Total: 4.221900 ms (FindLiveObjects: 0.237900 ms CreateObjectMapping: 0.085100 ms MarkObjects: 3.871700 ms  DeleteObjects: 0.025000 ms)

AssetImportParameters requested are different than current active one (requested -> active):
  custom:framework-win-MediaFoundation: 216162199b28c13a410421893ffa2e32 -> 
  custom:video-decoder-ogg-theora: a1e56fd34408186e4bbccfd4996cb3dc -> 
  custom:container-muxer-webm: aa71ff27fc2769a1b78a27578f13a17b -> 
  custom:container-demuxer-webm: 4f35f7cbe854078d1ac9338744f61a02 -> 
  custom:container-demuxer-ogg: 62fdf1f143b41e24485cea50d1cbac27 -> 
  custom:video-encoder-webm-vp8: eb34c28f22e8b96e1ab97ce403110664 -> 
  custom:video-decoder-webm-vp8: 9c59270c3fd7afecdb556c50c9e8de78 -> 
  custom:audio-decoder-ogg-vorbis: bf7c407c2cedff20999df2af8eb42d56 -> 
  custom:audio-encoder-webm-vorbis: bf7c407c2cedff20999df2af8eb42d56 -> 
========================================================================
Received Prepare
Registering precompiled user dll's ...
Registered in 0.012904 seconds.
Begin MonoManager ReloadAssembly
Native extension for WindowsStandalone target not found
Refreshing native plugins compatible for Editor in 1.00 ms, found 5 plugins.
Preloading 0 native plugins for Editor in 0.00 ms.
Mono: successfully reloaded assembly
- Completed reload, in  3.538 seconds
Domain Reload Profiling:
	ReloadAssembly (3539ms)
		BeginReloadAssembly (348ms)
			ExecutionOrderSort (0ms)
			DisableScriptedObjects (18ms)
			BackupInstance (0ms)
			ReleaseScriptingObjects (0ms)
			CreateAndSetChildDomain (103ms)
		EndReloadAssembly (2940ms)
			LoadAssemblies (318ms)
			RebuildTransferFunctionScriptingTraits (0ms)
			SetupTypeCache (1010ms)
			ReleaseScriptCaches (2ms)
			RebuildScriptCaches (146ms)
			SetupLoadedEditorAssemblies (1087ms)
				LogAssemblyErrors (0ms)
				InitializePlatformSupportModulesInManaged (22ms)
				SetLoadedEditorAssemblies (2ms)
				RefreshPlugins (1ms)
				BeforeProcessingInitializeOnLoad (281ms)
				ProcessInitializeOnLoadAttributes (739ms)
				ProcessInitializeOnLoadMethodAttributes (17ms)
				AfterProcessingInitializeOnLoad (25ms)
				EditorAssembliesLoaded (1ms)
			ExecutionOrderSort2 (0ms)
			AwakeInstancesAfterBackupRestoration (30ms)
Platform modules already initialized, skipping
Refreshing native plugins compatible for Editor in 0.98 ms, found 5 plugins.
Preloading 0 native plugins for Editor in 0.00 ms.
Unloading 1583 Unused Serialized files (Serialized files now loaded: 0)
System memory in use before: 75.6 MB.
System memory in use after: 75.7 MB.

Unloading 18 unused Assets to reduce memory usage. Loaded Objects now: 2076.
Total: 8.837100 ms (FindLiveObjects: 0.394700 ms CreateObjectMapping: 0.161200 ms MarkObjects: 8.225100 ms  DeleteObjects: 0.052500 ms)

AssetImportParameters requested are different than current active one (requested -> active):
  custom:framework-win-MediaFoundation: 216162199b28c13a410421893ffa2e32 -> 
  custom:video-decoder-ogg-theora: a1e56fd34408186e4bbccfd4996cb3dc -> 
  custom:container-muxer-webm: aa71ff27fc2769a1b78a27578f13a17b -> 
  custom:container-demuxer-webm: 4f35f7cbe854078d1ac9338744f61a02 -> 
  custom:container-demuxer-ogg: 62fdf1f143b41e24485cea50d1cbac27 -> 
  custom:video-encoder-webm-vp8: eb34c28f22e8b96e1ab97ce403110664 -> 
  custom:video-decoder-webm-vp8: 9c59270c3fd7afecdb556c50c9e8de78 -> 
  custom:audio-decoder-ogg-vorbis: bf7c407c2cedff20999df2af8eb42d56 -> 
  custom:audio-encoder-webm-vorbis: bf7c407c2cedff20999df2af8eb42d56 -> 
========================================================================
Received Prepare
Registering precompiled user dll's ...
Registered in 0.003251 seconds.
Begin MonoManager ReloadAssembly
Native extension for WindowsStandalone target not found
Refreshing native plugins compatible for Editor in 0.54 ms, found 5 plugins.
Preloading 0 native plugins for Editor in 0.00 ms.
Mono: successfully reloaded assembly
- Completed reload, in  1.346 seconds
Domain Reload Profiling:
	ReloadAssembly (1347ms)
		BeginReloadAssembly (94ms)
			ExecutionOrderSort (0ms)
			DisableScriptedObjects (4ms)
			BackupInstance (0ms)
			ReleaseScriptingObjects (0ms)
			CreateAndSetChildDomain (30ms)
		EndReloadAssembly (1196ms)
			LoadAssemblies (75ms)
			RebuildTransferFunctionScriptingTraits (0ms)
			SetupTypeCache (411ms)
			ReleaseScriptCaches (1ms)
			RebuildScriptCaches (63ms)
			SetupLoadedEditorAssemblies (455ms)
				LogAssemblyErrors (0ms)
				InitializePlatformSupportModulesInManaged (8ms)
				SetLoadedEditorAssemblies (1ms)
				RefreshPlugins (1ms)
				BeforeProcessingInitializeOnLoad (120ms)
				ProcessInitializeOnLoadAttributes (308ms)
				ProcessInitializeOnLoadMethodAttributes (6ms)
				AfterProcessingInitializeOnLoad (11ms)
				EditorAssembliesLoaded (0ms)
			ExecutionOrderSort2 (0ms)
			AwakeInstancesAfterBackupRestoration (11ms)
Platform modules already initialized, skipping
Refreshing native plugins compatible for Editor in 0.54 ms, found 5 plugins.
Preloading 0 native plugins for Editor in 0.00 ms.
Unloading 1583 Unused Serialized files (Serialized files now loaded: 0)
System memory in use before: 75.6 MB.
System memory in use after: 75.7 MB.

Unloading 18 unused Assets to reduce memory usage. Loaded Objects now: 2078.
Total: 3.920900 ms (FindLiveObjects: 0.212500 ms CreateObjectMapping: 0.080500 ms MarkObjects: 3.601100 ms  DeleteObjects: 0.024400 ms)

AssetImportParameters requested are different than current active one (requested -> active):
  custom:framework-win-MediaFoundation: 216162199b28c13a410421893ffa2e32 -> 
  custom:video-decoder-ogg-theora: a1e56fd34408186e4bbccfd4996cb3dc -> 
  custom:container-muxer-webm: aa71ff27fc2769a1b78a27578f13a17b -> 
  custom:container-demuxer-webm: 4f35f7cbe854078d1ac9338744f61a02 -> 
  custom:container-demuxer-ogg: 62fdf1f143b41e24485cea50d1cbac27 -> 
  custom:video-encoder-webm-vp8: eb34c28f22e8b96e1ab97ce403110664 -> 
  custom:video-decoder-webm-vp8: 9c59270c3fd7afecdb556c50c9e8de78 -> 
  custom:audio-decoder-ogg-vorbis: bf7c407c2cedff20999df2af8eb42d56 -> 
  custom:audio-encoder-webm-vorbis: bf7c407c2cedff20999df2af8eb42d56 -> 
========================================================================
Received Import Request.
  Time since last request: 1054.601979 seconds.
  path: Assets/_Prefabs/Robot-Meters Scale.prefab
  artifactKey: Guid(023376df6b91646488df7d7f567b768f) Importer(815301076,1909f56bfc062723c751e8b465ee728b)
Start importing Assets/_Prefabs/Robot-Meters Scale.prefab using Guid(023376df6b91646488df7d7f567b768f) Importer(815301076,1909f56bfc062723c751e8b465ee728b)  -> (artifact id: '58c3de89f3ac034a765b64777fe05794') in 0.108450 seconds 
  Import took 0.113164 seconds .

========================================================================
Received Prepare
Registering precompiled user dll's ...
Registered in 0.006310 seconds.
Begin MonoManager ReloadAssembly
Native extension for WindowsStandalone target not found
Refreshing native plugins compatible for Editor in 0.60 ms, found 5 plugins.
Preloading 0 native plugins for Editor in 0.00 ms.
Mono: successfully reloaded assembly
- Completed reload, in  1.409 seconds
Domain Reload Profiling:
	ReloadAssembly (1410ms)
		BeginReloadAssembly (168ms)
			ExecutionOrderSort (0ms)
			DisableScriptedObjects (7ms)
			BackupInstance (0ms)
			ReleaseScriptingObjects (0ms)
			CreateAndSetChildDomain (46ms)
		EndReloadAssembly (1135ms)
			LoadAssemblies (139ms)
			RebuildTransferFunctionScriptingTraits (0ms)
			SetupTypeCache (442ms)
			ReleaseScriptCaches (1ms)
			RebuildScriptCaches (68ms)
			SetupLoadedEditorAssemblies (336ms)
				LogAssemblyErrors (0ms)
				InitializePlatformSupportModulesInManaged (8ms)
				SetLoadedEditorAssemblies (1ms)
				RefreshPlugins (1ms)
				BeforeProcessingInitializeOnLoad (125ms)
				ProcessInitializeOnLoadAttributes (191ms)
				ProcessInitializeOnLoadMethodAttributes (4ms)
				AfterProcessingInitializeOnLoad (6ms)
				EditorAssembliesLoaded (0ms)
			ExecutionOrderSort2 (0ms)
			AwakeInstancesAfterBackupRestoration (7ms)
Platform modules already initialized, skipping
Refreshing native plugins compatible for Editor in 0.41 ms, found 5 plugins.
Preloading 0 native plugins for Editor in 0.00 ms.
Unloading 1583 Unused Serialized files (Serialized files now loaded: 0)
System memory in use before: 75.6 MB.
System memory in use after: 75.8 MB.

Unloading 18 unused Assets to reduce memory usage. Loaded Objects now: 2081.
Total: 2.624800 ms (FindLiveObjects: 0.162600 ms CreateObjectMapping: 0.049100 ms MarkObjects: 2.397000 ms  DeleteObjects: 0.015400 ms)

AssetImportParameters requested are different than current active one (requested -> active):
  custom:framework-win-MediaFoundation: 216162199b28c13a410421893ffa2e32 -> 
  custom:video-decoder-ogg-theora: a1e56fd34408186e4bbccfd4996cb3dc -> 
  custom:container-muxer-webm: aa71ff27fc2769a1b78a27578f13a17b -> 
  custom:container-demuxer-webm: 4f35f7cbe854078d1ac9338744f61a02 -> 
  custom:container-demuxer-ogg: 62fdf1f143b41e24485cea50d1cbac27 -> 
  custom:video-encoder-webm-vp8: eb34c28f22e8b96e1ab97ce403110664 -> 
  custom:video-decoder-webm-vp8: 9c59270c3fd7afecdb556c50c9e8de78 -> 
  custom:audio-decoder-ogg-vorbis: bf7c407c2cedff20999df2af8eb42d56 -> 
  custom:audio-encoder-webm-vorbis: bf7c407c2cedff20999df2af8eb42d56 -> 
========================================================================
Received Import Request.
  Time since last request: 776.723551 seconds.
  path: Assets/_Prefabs/gun01.prefab
  artifactKey: Guid(a1dee74f48c7f744dae8e639ed6b0645) Importer(815301076,1909f56bfc062723c751e8b465ee728b)
Start importing Assets/_Prefabs/gun01.prefab using Guid(a1dee74f48c7f744dae8e639ed6b0645) Importer(815301076,1909f56bfc062723c751e8b465ee728b)  -> (artifact id: '1c9713fcaf6075d99615455a2025c393') in 0.060971 seconds 
  Import took 0.064548 seconds .

========================================================================
Received Import Request.
  Time since last request: 2.225601 seconds.
  path: Assets/_Prefabs/gun02.prefab
  artifactKey: Guid(b423c57e7e4719a46937400eefbf9d7e) Importer(815301076,1909f56bfc062723c751e8b465ee728b)
Start importing Assets/_Prefabs/gun02.prefab using Guid(b423c57e7e4719a46937400eefbf9d7e) Importer(815301076,1909f56bfc062723c751e8b465ee728b)  -> (artifact id: 'f6bc83d1be77d94a420113ee3f23dd4d') in 0.018269 seconds 
  Import took 0.022175 seconds .

========================================================================
Received Import Request.
  Time since last request: 18.520193 seconds.
  path: Assets/_Prefabs/Gunnings.prefab
  artifactKey: Guid(4bab06a18234fdf478dd43c0770543b0) Importer(815301076,1909f56bfc062723c751e8b465ee728b)
Start importing Assets/_Prefabs/Gunnings.prefab using Guid(4bab06a18234fdf478dd43c0770543b0) Importer(815301076,1909f56bfc062723c751e8b465ee728b)  -> (artifact id: 'da9536634874763515bcec9f03062cab') in 0.020273 seconds 
  Import took 0.024501 seconds .

========================================================================
Received Import Request.
  Time since last request: 36.524813 seconds.
  path: Assets/Scene -2/NavMesh-obstacle-03 (1) 1.asset
  artifactKey: Guid(b02dabe60158642439e85bd274ed94f4) Importer(815301076,1909f56bfc062723c751e8b465ee728b)
Start importing Assets/Scene -2/NavMesh-obstacle-03 (1) 1.asset using Guid(b02dabe60158642439e85bd274ed94f4) Importer(815301076,1909f56bfc062723c751e8b465ee728b)  -> (artifact id: 'f6d02b60096991730962a8e2df33d3bc') in 0.017086 seconds 
  Import took 0.020920 seconds .

========================================================================
Received Import Request.
  Time since last request: 0.000296 seconds.
  path: Assets/Scene -2/NavMesh-target platfrom 1.asset
  artifactKey: Guid(dce6bede832bd2f4abe3fa7df54d87f4) Importer(815301076,1909f56bfc062723c751e8b465ee728b)
Start importing Assets/Scene -2/NavMesh-target platfrom 1.asset using Guid(dce6bede832bd2f4abe3fa7df54d87f4) Importer(815301076,1909f56bfc062723c751e8b465ee728b)  -> (artifact id: 'ba54ff2403f0ad1da5517235da504f7c') in 0.017483 seconds 
  Import took 0.021494 seconds .

========================================================================
Received Import Request.
  Time since last request: 0.000292 seconds.
  path: Assets/Scene -2/NavMesh-target platfrom 2.asset
  artifactKey: Guid(10d6c5919dd573447be1301afa589d01) Importer(815301076,1909f56bfc062723c751e8b465ee728b)
Start importing Assets/Scene -2/NavMesh-target platfrom 2.asset using Guid(10d6c5919dd573447be1301afa589d01) Importer(815301076,1909f56bfc062723c751e8b465ee728b)  -> (artifact id: 'a9acf47d7e4532e21e6aa5055f0ad324') in 0.016728 seconds 
  Import took 0.020637 seconds .

========================================================================
Received Import Request.
  Time since last request: 0.000316 seconds.
  path: Assets/Scene -2/NavMesh-target platfrom.asset
  artifactKey: Guid(3fcbcb7c850fc6145a85c50c44f496c1) Importer(815301076,1909f56bfc062723c751e8b465ee728b)
Start importing Assets/Scene -2/NavMesh-target platfrom.asset using Guid(3fcbcb7c850fc6145a85c50c44f496c1) Importer(815301076,1909f56bfc062723c751e8b465ee728b)  -> (artifact id: 'e7ff76df23e486a4dae1625d5e5f1e5c') in 0.016617 seconds 
  Import took 0.020274 seconds .

========================================================================
Received Import Request.
  Time since last request: 0.000249 seconds.
  path: Assets/Scene -2/NavMesh-target platfrom 3.asset
  artifactKey: Guid(01b0ba0833328bc4789f8b7875c570e9) Importer(815301076,1909f56bfc062723c751e8b465ee728b)
Start importing Assets/Scene -2/NavMesh-target platfrom 3.asset using Guid(01b0ba0833328bc4789f8b7875c570e9) Importer(815301076,1909f56bfc062723c751e8b465ee728b)  -> (artifact id: 'fba35185dcd66444b9ac425c5aac0ce1') in 0.009959 seconds 
  Import took 0.013684 seconds .

========================================================================
Received Import Request.
  Time since last request: 0.000345 seconds.
  path: Assets/Scene -2/NavMesh-obstacle-03 (1).asset
  artifactKey: Guid(fc4709eb597ac164992df2076d5499b5) Importer(815301076,1909f56bfc062723c751e8b465ee728b)
Start importing Assets/Scene -2/NavMesh-obstacle-03 (1).asset using Guid(fc4709eb597ac164992df2076d5499b5) Importer(815301076,1909f56bfc062723c751e8b465ee728b)  -> (artifact id: 'cffd80cab218e481486a04ac3d1cd758') in 0.017126 seconds 
  Import took 0.020793 seconds .

========================================================================
Received Import Request.
  Time since last request: 0.000246 seconds.
  path: Assets/Scene -2/NavMesh.asset
  artifactKey: Guid(92372abd15b871a4fb654a45028a7289) Importer(815301076,1909f56bfc062723c751e8b465ee728b)
Start importing Assets/Scene -2/NavMesh.asset using Guid(92372abd15b871a4fb654a45028a7289) Importer(815301076,1909f56bfc062723c751e8b465ee728b)  -> (artifact id: '27e1a393cacd38876853423935faa428') in 0.009810 seconds 
  Import took 0.013515 seconds .

========================================================================
Received Import Request.
  Time since last request: 1.063565 seconds.
  path: Assets/_Prefabs/Gunnings.prefab
  artifactKey: Guid(4bab06a18234fdf478dd43c0770543b0) Importer(815301076,1909f56bfc062723c751e8b465ee728b)
Start importing Assets/_Prefabs/Gunnings.prefab using Guid(4bab06a18234fdf478dd43c0770543b0) Importer(815301076,1909f56bfc062723c751e8b465ee728b)  -> (artifact id: '2be5256ba748527a7aa7f7103bef791a') in 0.010917 seconds 
  Import took 0.013613 seconds .

========================================================================
Received Import Request.
  Time since last request: 73.764789 seconds.
  path: Assets/_Prefabs/Gunnings03.prefab
  artifactKey: Guid(9a0f1a49ab0130048bb1b748bb7d288a) Importer(815301076,1909f56bfc062723c751e8b465ee728b)
Start importing Assets/_Prefabs/Gunnings03.prefab using Guid(9a0f1a49ab0130048bb1b748bb7d288a) Importer(815301076,1909f56bfc062723c751e8b465ee728b)  -> (artifact id: '1e3520f750eaa85670881831cd656fea') in 0.012029 seconds 
  Import took 0.014961 seconds .

========================================================================
Received Import Request.
  Time since last request: 8.994475 seconds.
  path: Assets/_Clump Prefabs/04
  artifactKey: Guid(5d6cd3c705191084587d400d745844c5) Importer(815301076,1909f56bfc062723c751e8b465ee728b)
Start importing Assets/_Clump Prefabs/04 using Guid(5d6cd3c705191084587d400d745844c5) Importer(815301076,1909f56bfc062723c751e8b465ee728b)  -> (artifact id: '682c84197cd46032f4738480970743c5') in 0.011832 seconds 
  Import took 0.015834 seconds .

========================================================================
Received Import Request.
  Time since last request: 0.048488 seconds.
  path: Assets/_Clump Prefabs/04/BODY04.prefab
  artifactKey: Guid(19f1d5b92f1f2a54ab6594f99be2286e) Importer(815301076,1909f56bfc062723c751e8b465ee728b)
Start importing Assets/_Clump Prefabs/04/BODY04.prefab using Guid(19f1d5b92f1f2a54ab6594f99be2286e) Importer(815301076,1909f56bfc062723c751e8b465ee728b)  -> (artifact id: 'd6f70e1ec49547fa395daff8bcb061c9') in 0.022900 seconds 
  Import took 0.027189 seconds .

========================================================================
Received Import Request.
  Time since last request: 0.000250 seconds.
  path: Assets/_Clump Prefabs/04/TWIST 04.prefab
  artifactKey: Guid(827d027f4dd6b1a4390bec573316eebd) Importer(815301076,1909f56bfc062723c751e8b465ee728b)
Start importing Assets/_Clump Prefabs/04/TWIST 04.prefab using Guid(827d027f4dd6b1a4390bec573316eebd) Importer(815301076,1909f56bfc062723c751e8b465ee728b)  -> (artifact id: '50927f4343f7e714e2a4f0cd90eab7ea') in 0.023532 seconds 
  Import took 0.027595 seconds .

========================================================================
Received Import Request.
  Time since last request: 0.000338 seconds.
  path: Assets/_Clump Prefabs/04/GUN04.prefab
  artifactKey: Guid(382b41c059e072544896c5d24883a789) Importer(815301076,1909f56bfc062723c751e8b465ee728b)
Start importing Assets/_Clump Prefabs/04/GUN04.prefab using Guid(382b41c059e072544896c5d24883a789) Importer(815301076,1909f56bfc062723c751e8b465ee728b)  -> (artifact id: '2803cf03095b0150b4d412a68b27b6fb') in 0.022506 seconds 
  Import took 0.026640 seconds .

========================================================================
Received Import Request.
  Time since last request: 0.000310 seconds.
  path: Assets/_Clump Prefabs/04/LIGHT04.prefab
  artifactKey: Guid(24bb1cf9e2032014d90377dd6cbaf221) Importer(815301076,1909f56bfc062723c751e8b465ee728b)
Start importing Assets/_Clump Prefabs/04/LIGHT04.prefab using Guid(24bb1cf9e2032014d90377dd6cbaf221) Importer(815301076,1909f56bfc062723c751e8b465ee728b)  -> (artifact id: '02eecac0d224f2fdfc37ed4822616733') in 0.025096 seconds 
  Import took 0.029432 seconds .

========================================================================
Received Import Request.
  Time since last request: 0.000290 seconds.
  path: Assets/_Clump Prefabs/04/Head04 1.prefab
  artifactKey: Guid(bbf7d141f3e20944fa239dc8fcda247c) Importer(815301076,1909f56bfc062723c751e8b465ee728b)
Start importing Assets/_Clump Prefabs/04/Head04 1.prefab using Guid(bbf7d141f3e20944fa239dc8fcda247c) Importer(815301076,1909f56bfc062723c751e8b465ee728b)  -> (artifact id: 'a7f1a383b41f902af7f51cb140b82c9a') in 0.022940 seconds 
  Import took 0.027194 seconds .

========================================================================
Received Import Request.
  Time since last request: 0.000279 seconds.
  path: Assets/_Clump Prefabs/04/TARGET clump 04.prefab
  artifactKey: Guid(34c6d4602cc6e9941b0149032c283047) Importer(815301076,1909f56bfc062723c751e8b465ee728b)
Start importing Assets/_Clump Prefabs/04/TARGET clump 04.prefab using Guid(34c6d4602cc6e9941b0149032c283047) Importer(815301076,1909f56bfc062723c751e8b465ee728b)  -> (artifact id: '0b994bb8cc0272faac41ab0a789648bd') in 0.020093 seconds 
  Import took 0.025333 seconds .

========================================================================
Received Import Request.
  Time since last request: 0.000329 seconds.
  path: Assets/_Clump Prefabs/04/TWIST 04-1.prefab
  artifactKey: Guid(95ec69f822c24f44eaf7c9d25ffe8d0f) Importer(815301076,1909f56bfc062723c751e8b465ee728b)
Start importing Assets/_Clump Prefabs/04/TWIST 04-1.prefab using Guid(95ec69f822c24f44eaf7c9d25ffe8d0f) Importer(815301076,1909f56bfc062723c751e8b465ee728b)  -> (artifact id: 'd8a386a4f7b59b595c9723a9b6d58a7b') in 0.025993 seconds 
  Import took 0.030659 seconds .

========================================================================
Received Import Request.
  Time since last request: 0.000300 seconds.
  path: Assets/_Clump Prefabs/04/GUN04-1.prefab
  artifactKey: Guid(2b3391b0a06945942bf06cb952b6a22c) Importer(815301076,1909f56bfc062723c751e8b465ee728b)
Start importing Assets/_Clump Prefabs/04/GUN04-1.prefab using Guid(2b3391b0a06945942bf06cb952b6a22c) Importer(815301076,1909f56bfc062723c751e8b465ee728b)  -> (artifact id: 'dd56fa6bcdd5c05024290ef7fba590d7') in 0.022456 seconds 
  Import took 0.026639 seconds .

========================================================================
Received Import Request.
  Time since last request: 37.567484 seconds.
  path: Assets/_Clump Prefabs/Gunnings02.prefab
  artifactKey: Guid(4ac4ac04202001044a14736f55bfdda7) Importer(815301076,1909f56bfc062723c751e8b465ee728b)
Start importing Assets/_Clump Prefabs/Gunnings02.prefab using Guid(4ac4ac04202001044a14736f55bfdda7) Importer(815301076,1909f56bfc062723c751e8b465ee728b)  -> (artifact id: '3568797f3b530aacf10c43d117529936') in 0.012306 seconds 
  Import took 0.015099 seconds .

========================================================================
Received Import Request.
  Time since last request: 9.076351 seconds.
  path: Assets/_Clump Prefabs/Gun-clump
  artifactKey: Guid(2197b7b28b4b8ef4daa9b9d6337939dc) Importer(815301076,1909f56bfc062723c751e8b465ee728b)
Start importing Assets/_Clump Prefabs/Gun-clump using Guid(2197b7b28b4b8ef4daa9b9d6337939dc) Importer(815301076,1909f56bfc062723c751e8b465ee728b)  -> (artifact id: '54fd5ab69efa398db815ee60876a43c3') in 0.009553 seconds 
  Import took 0.014325 seconds .

========================================================================
Received Import Request.
  Time since last request: 2.785320 seconds.
  path: Assets/_Clump Prefabs/Gun-clump/GUN02.prefab
  artifactKey: Guid(2754751d31a166c4ca22a4f559627ba6) Importer(815301076,1909f56bfc062723c751e8b465ee728b)
Start importing Assets/_Clump Prefabs/Gun-clump/GUN02.prefab using Guid(2754751d31a166c4ca22a4f559627ba6) Importer(815301076,1909f56bfc062723c751e8b465ee728b)  -> (artifact id: 'fafc33322d16249c90b54f5bfbba834b') in 0.022893 seconds 
  Import took 0.027289 seconds .

========================================================================
Received Import Request.
  Time since last request: 12.687093 seconds.
  path: Assets/_Clump Prefabs/03/BODY03.prefab
  artifactKey: Guid(c7d59351230e9ca4d920fffc68100fae) Importer(815301076,1909f56bfc062723c751e8b465ee728b)
Start importing Assets/_Clump Prefabs/03/BODY03.prefab using Guid(c7d59351230e9ca4d920fffc68100fae) Importer(815301076,1909f56bfc062723c751e8b465ee728b)  -> (artifact id: '46ed634a2f96f05a43af2cf88fcc009d') in 0.013810 seconds 
  Import took 0.016838 seconds .

========================================================================
Received Import Request.
  Time since last request: 0.000176 seconds.
  path: Assets/_Clump Prefabs/03/TWIST 03.prefab
  artifactKey: Guid(cbcfc6720e3135845a4a900cae4fc669) Importer(815301076,1909f56bfc062723c751e8b465ee728b)
Start importing Assets/_Clump Prefabs/03/TWIST 03.prefab using Guid(cbcfc6720e3135845a4a900cae4fc669) Importer(815301076,1909f56bfc062723c751e8b465ee728b)  -> (artifact id: 'e21ba497cc3477427e3c338d15f57796') in 0.018707 seconds 
  Import took 0.022083 seconds .

========================================================================
Received Import Request.
  Time since last request: 0.000193 seconds.
  path: Assets/_Clump Prefabs/03/TWIST 03-1.prefab
  artifactKey: Guid(38c3536f720b4f1418b711e0ff6d8454) Importer(815301076,1909f56bfc062723c751e8b465ee728b)
Start importing Assets/_Clump Prefabs/03/TWIST 03-1.prefab using Guid(38c3536f720b4f1418b711e0ff6d8454) Importer(815301076,1909f56bfc062723c751e8b465ee728b)  -> (artifact id: '3aa5ac113fe091e4a2f8f245400087ec') in 0.017597 seconds 
  Import took 0.020008 seconds .

========================================================================
Received Import Request.
  Time since last request: 0.000210 seconds.
  path: Assets/_Clump Prefabs/03/GUN03.prefab
  artifactKey: Guid(e2c994b29b0a121448bcdb8e71344eb9) Importer(815301076,1909f56bfc062723c751e8b465ee728b)
Start importing Assets/_Clump Prefabs/03/GUN03.prefab using Guid(e2c994b29b0a121448bcdb8e71344eb9) Importer(815301076,1909f56bfc062723c751e8b465ee728b)  -> (artifact id: '498927f5199f729d1b1c8ae4cae2cdda') in 0.017211 seconds 
  Import took 0.019912 seconds .

========================================================================
Received Import Request.
  Time since last request: 0.000233 seconds.
  path: Assets/_Clump Prefabs/03/TARGET clump 03.prefab
  artifactKey: Guid(7889f5d45ab86b84c8fafae569762973) Importer(815301076,1909f56bfc062723c751e8b465ee728b)
Start importing Assets/_Clump Prefabs/03/TARGET clump 03.prefab using Guid(7889f5d45ab86b84c8fafae569762973) Importer(815301076,1909f56bfc062723c751e8b465ee728b)  -> (artifact id: 'eadecb19a067c21552884f0f316329cb') in 0.015693 seconds 
  Import took 0.018758 seconds .

========================================================================
Received Import Request.
  Time since last request: 0.000184 seconds.
  path: Assets/_Clump Prefabs/03/Head03 2.prefab
  artifactKey: Guid(ca49288f44bf9274588e0d444ede672b) Importer(815301076,1909f56bfc062723c751e8b465ee728b)
Start importing Assets/_Clump Prefabs/03/Head03 2.prefab using Guid(ca49288f44bf9274588e0d444ede672b) Importer(815301076,1909f56bfc062723c751e8b465ee728b)  -> (artifact id: '7bc3105e05fb95541b0dbfcf8b240f64') in 0.015323 seconds 
  Import took 0.018222 seconds .

========================================================================
Received Import Request.
  Time since last request: 0.000130 seconds.
  path: Assets/_Clump Prefabs/03/GUN03-1.prefab
  artifactKey: Guid(18b504f47cfcaf8449344cb84366a8ad) Importer(815301076,1909f56bfc062723c751e8b465ee728b)
Start importing Assets/_Clump Prefabs/03/GUN03-1.prefab using Guid(18b504f47cfcaf8449344cb84366a8ad) Importer(815301076,1909f56bfc062723c751e8b465ee728b)  -> (artifact id: '421c6d2bc73b82d3b9567f9eecc91763') in 0.014309 seconds 
  Import took 0.017434 seconds .

========================================================================
Received Import Request.
  Time since last request: 0.000215 seconds.
  path: Assets/_Clump Prefabs/03/LIGHT03.prefab
  artifactKey: Guid(d8cc15933830bcd4f90bc69abce85aad) Importer(815301076,1909f56bfc062723c751e8b465ee728b)
Start importing Assets/_Clump Prefabs/03/LIGHT03.prefab using Guid(d8cc15933830bcd4f90bc69abce85aad) Importer(815301076,1909f56bfc062723c751e8b465ee728b)  -> (artifact id: '08d4737b824998326b5c6175415958ae') in 0.015139 seconds 
  Import took 0.018217 seconds .

========================================================================
Received Import Request.
  Time since last request: 102.001026 seconds.
  path: Assets/_Clump Prefabs/Clump-02.prefab
  artifactKey: Guid(9b080a887fc10a841ad987a4039867da) Importer(815301076,1909f56bfc062723c751e8b465ee728b)
Start importing Assets/_Clump Prefabs/Clump-02.prefab using Guid(9b080a887fc10a841ad987a4039867da) Importer(815301076,1909f56bfc062723c751e8b465ee728b)  -> (artifact id: 'c05664a30d3de3f5a04ae0372bd7f069') in 0.023068 seconds 
  Import took 0.027541 seconds .

========================================================================
Received Import Request.
  Time since last request: 3.524955 seconds.
  path: Assets/_Clump Prefabs/ClumpF.prefab
  artifactKey: Guid(a2648d51b4adbc4459385044694623df) Importer(815301076,1909f56bfc062723c751e8b465ee728b)
Start importing Assets/_Clump Prefabs/ClumpF.prefab using Guid(a2648d51b4adbc4459385044694623df) Importer(815301076,1909f56bfc062723c751e8b465ee728b)  -> (artifact id: '80d09f188a95b0794bef6eb36b5075ef') in 0.023693 seconds 
  Import took 0.028206 seconds .

========================================================================
Received Import Request.
  Time since last request: 4.511215 seconds.
  path: Assets/_Clump Prefabs/03/Clump3.prefab
  artifactKey: Guid(a45abe9c448d43e4a922a156e4ac310e) Importer(815301076,1909f56bfc062723c751e8b465ee728b)
Start importing Assets/_Clump Prefabs/03/Clump3.prefab using Guid(a45abe9c448d43e4a922a156e4ac310e) Importer(815301076,1909f56bfc062723c751e8b465ee728b)  -> (artifact id: '9f389a3d119e1b4911126fc47c471eb2') in 0.033238 seconds 
  Import took 0.038349 seconds .

========================================================================
Received Import Request.
  Time since last request: 5.348688 seconds.
  path: Assets/_Clump Prefabs/04/Clump 4.prefab
  artifactKey: Guid(9358b8f7d27e7874d899691d76fa0168) Importer(815301076,1909f56bfc062723c751e8b465ee728b)
Start importing Assets/_Clump Prefabs/04/Clump 4.prefab using Guid(9358b8f7d27e7874d899691d76fa0168) Importer(815301076,1909f56bfc062723c751e8b465ee728b)  -> (artifact id: '6394f3e8769d10e58bf7f01a415e4b81') in 0.033810 seconds 
  Import took 0.039371 seconds .

========================================================================
Received Import Request.
  Time since last request: 13.929608 seconds.
  path: Assets/_Clump Prefabs/Gun-clump/gun02.prefab
  artifactKey: Guid(116171defe3fcd94cb3307f5e4e50ef3) Importer(815301076,1909f56bfc062723c751e8b465ee728b)
Start importing Assets/_Clump Prefabs/Gun-clump/gun02.prefab using Guid(116171defe3fcd94cb3307f5e4e50ef3) Importer(815301076,1909f56bfc062723c751e8b465ee728b)  -> (artifact id: '83026ef96a97f2ebbad8857699f18bf7') in 0.018924 seconds 
  Import took 0.022967 seconds .

========================================================================
Received Import Request.
  Time since last request: 31.824419 seconds.
  path: Assets/_Clump Prefabs/Gun-clump/Gunnings02.prefab
  artifactKey: Guid(4ac4ac04202001044a14736f55bfdda7) Importer(815301076,1909f56bfc062723c751e8b465ee728b)
Start importing Assets/_Clump Prefabs/Gun-clump/Gunnings02.prefab using Guid(4ac4ac04202001044a14736f55bfdda7) Importer(815301076,1909f56bfc062723c751e8b465ee728b)  -> (artifact id: 'aa5c9e6fb9af223a9a31e2e5017d9f7f') in 0.008662 seconds 
  Import took 0.011643 seconds .

========================================================================
Received Import Request.
  Time since last request: 15.065814 seconds.
  path: Assets/_Clump Prefabs/Gun-clump/Gunnings02.prefab
  artifactKey: Guid(4ac4ac04202001044a14736f55bfdda7) Importer(815301076,1909f56bfc062723c751e8b465ee728b)
Start importing Assets/_Clump Prefabs/Gun-clump/Gunnings02.prefab using Guid(4ac4ac04202001044a14736f55bfdda7) Importer(815301076,1909f56bfc062723c751e8b465ee728b)  -> (artifact id: '5f21e078aff6ebbdabdce4d569726d51') in 0.013390 seconds 
  Import took 0.016777 seconds .

========================================================================
Received Import Request.
  Time since last request: 9.997845 seconds.
  path: Assets/_Clump Prefabs/Gun-clump/Gunnings02.prefab
  artifactKey: Guid(4ac4ac04202001044a14736f55bfdda7) Importer(815301076,1909f56bfc062723c751e8b465ee728b)
Start importing Assets/_Clump Prefabs/Gun-clump/Gunnings02.prefab using Guid(4ac4ac04202001044a14736f55bfdda7) Importer(815301076,1909f56bfc062723c751e8b465ee728b)  -> (artifact id: 'decad7b4bf40924bdb4ed22ce73db3d1') in 0.010951 seconds 
  Import took 0.013701 seconds .

========================================================================
Received Import Request.
  Time since last request: 4.019387 seconds.
  path: Assets/_Clump Prefabs/Gun-clump/Gunnings03.prefab
  artifactKey: Guid(9a0f1a49ab0130048bb1b748bb7d288a) Importer(815301076,1909f56bfc062723c751e8b465ee728b)
Start importing Assets/_Clump Prefabs/Gun-clump/Gunnings03.prefab using Guid(9a0f1a49ab0130048bb1b748bb7d288a) Importer(815301076,1909f56bfc062723c751e8b465ee728b)  -> (artifact id: '49c735cb651d9c620030cbd6641d4e92') in 0.010885 seconds 
  Import took 0.013487 seconds .

========================================================================
Received Import Request.
  Time since last request: 9.384465 seconds.
  path: Assets/_Clump Prefabs/Gun-clump/Gunnings03.prefab
  artifactKey: Guid(9a0f1a49ab0130048bb1b748bb7d288a) Importer(815301076,1909f56bfc062723c751e8b465ee728b)
Start importing Assets/_Clump Prefabs/Gun-clump/Gunnings03.prefab using Guid(9a0f1a49ab0130048bb1b748bb7d288a) Importer(815301076,1909f56bfc062723c751e8b465ee728b)  -> (artifact id: 'e5e3799f4ac0939165fb30ffac5e6a03') in 0.015647 seconds 
  Import took 0.018656 seconds .

========================================================================
Received Prepare
Registering precompiled user dll's ...
Registered in 0.002985 seconds.
Begin MonoManager ReloadAssembly
Native extension for WindowsStandalone target not found
Refreshing native plugins compatible for Editor in 0.56 ms, found 5 plugins.
Preloading 0 native plugins for Editor in 0.00 ms.
Mono: successfully reloaded assembly
- Completed reload, in  1.153 seconds
Domain Reload Profiling:
	ReloadAssembly (1154ms)
		BeginReloadAssembly (99ms)
			ExecutionOrderSort (0ms)
			DisableScriptedObjects (4ms)
			BackupInstance (0ms)
			ReleaseScriptingObjects (0ms)
			CreateAndSetChildDomain (29ms)
		EndReloadAssembly (1000ms)
			LoadAssemblies (73ms)
			RebuildTransferFunctionScriptingTraits (0ms)
			SetupTypeCache (252ms)
			ReleaseScriptCaches (1ms)
			RebuildScriptCaches (51ms)
			SetupLoadedEditorAssemblies (452ms)
				LogAssemblyErrors (0ms)
				InitializePlatformSupportModulesInManaged (8ms)
				SetLoadedEditorAssemblies (1ms)
				RefreshPlugins (1ms)
				BeforeProcessingInitializeOnLoad (120ms)
				ProcessInitializeOnLoadAttributes (305ms)
				ProcessInitializeOnLoadMethodAttributes (7ms)
				AfterProcessingInitializeOnLoad (11ms)
				EditorAssembliesLoaded (0ms)
			ExecutionOrderSort2 (0ms)
			AwakeInstancesAfterBackupRestoration (11ms)
Platform modules already initialized, skipping
Refreshing native plugins compatible for Editor in 0.54 ms, found 5 plugins.
Preloading 0 native plugins for Editor in 0.00 ms.
Unloading 1583 Unused Serialized files (Serialized files now loaded: 0)
System memory in use before: 75.8 MB.
System memory in use after: 75.9 MB.

Unloading 18 unused Assets to reduce memory usage. Loaded Objects now: 2086.
Total: 3.866000 ms (FindLiveObjects: 0.205500 ms CreateObjectMapping: 0.080000 ms MarkObjects: 3.553200 ms  DeleteObjects: 0.025900 ms)

AssetImportParameters requested are different than current active one (requested -> active):
  custom:framework-win-MediaFoundation: 216162199b28c13a410421893ffa2e32 -> 
  custom:video-decoder-ogg-theora: a1e56fd34408186e4bbccfd4996cb3dc -> 
  custom:container-muxer-webm: aa71ff27fc2769a1b78a27578f13a17b -> 
  custom:container-demuxer-webm: 4f35f7cbe854078d1ac9338744f61a02 -> 
  custom:container-demuxer-ogg: 62fdf1f143b41e24485cea50d1cbac27 -> 
  custom:video-encoder-webm-vp8: eb34c28f22e8b96e1ab97ce403110664 -> 
  custom:video-decoder-webm-vp8: 9c59270c3fd7afecdb556c50c9e8de78 -> 
  custom:audio-decoder-ogg-vorbis: bf7c407c2cedff20999df2af8eb42d56 -> 
  custom:audio-encoder-webm-vorbis: bf7c407c2cedff20999df2af8eb42d56 -> 
========================================================================
Received Prepare
Registering precompiled user dll's ...
Registered in 0.006266 seconds.
Begin MonoManager ReloadAssembly
Native extension for WindowsStandalone target not found
Refreshing native plugins compatible for Editor in 0.61 ms, found 5 plugins.
Preloading 0 native plugins for Editor in 0.00 ms.
Mono: successfully reloaded assembly
- Completed reload, in  1.684 seconds
Domain Reload Profiling:
	ReloadAssembly (1685ms)
		BeginReloadAssembly (179ms)
			ExecutionOrderSort (0ms)
			DisableScriptedObjects (8ms)
			BackupInstance (0ms)
			ReleaseScriptingObjects (0ms)
			CreateAndSetChildDomain (52ms)
		EndReloadAssembly (1388ms)
			LoadAssemblies (162ms)
			RebuildTransferFunctionScriptingTraits (0ms)
			SetupTypeCache (485ms)
			ReleaseScriptCaches (1ms)
			RebuildScriptCaches (69ms)
			SetupLoadedEditorAssemblies (503ms)
				LogAssemblyErrors (0ms)
				InitializePlatformSupportModulesInManaged (9ms)
				SetLoadedEditorAssemblies (1ms)
				RefreshPlugins (1ms)
				BeforeProcessingInitializeOnLoad (133ms)
				ProcessInitializeOnLoadAttributes (340ms)
				ProcessInitializeOnLoadMethodAttributes (7ms)
				AfterProcessingInitializeOnLoad (12ms)
				EditorAssembliesLoaded (0ms)
			ExecutionOrderSort2 (0ms)
			AwakeInstancesAfterBackupRestoration (13ms)
Platform modules already initialized, skipping
Refreshing native plugins compatible for Editor in 0.58 ms, found 5 plugins.
Preloading 0 native plugins for Editor in 0.00 ms.
Unloading 1583 Unused Serialized files (Serialized files now loaded: 0)
System memory in use before: 75.8 MB.
System memory in use after: 75.9 MB.

Unloading 18 unused Assets to reduce memory usage. Loaded Objects now: 2088.
Total: 4.273000 ms (FindLiveObjects: 0.232200 ms CreateObjectMapping: 0.089600 ms MarkObjects: 3.922500 ms  DeleteObjects: 0.026700 ms)

AssetImportParameters requested are different than current active one (requested -> active):
  custom:framework-win-MediaFoundation: 216162199b28c13a410421893ffa2e32 -> 
  custom:video-decoder-ogg-theora: a1e56fd34408186e4bbccfd4996cb3dc -> 
  custom:container-muxer-webm: aa71ff27fc2769a1b78a27578f13a17b -> 
  custom:container-demuxer-webm: 4f35f7cbe854078d1ac9338744f61a02 -> 
  custom:container-demuxer-ogg: 62fdf1f143b41e24485cea50d1cbac27 -> 
  custom:video-encoder-webm-vp8: eb34c28f22e8b96e1ab97ce403110664 -> 
  custom:video-decoder-webm-vp8: 9c59270c3fd7afecdb556c50c9e8de78 -> 
  custom:audio-decoder-ogg-vorbis: bf7c407c2cedff20999df2af8eb42d56 -> 
  custom:audio-encoder-webm-vorbis: bf7c407c2cedff20999df2af8eb42d56 -> 
========================================================================
Received Prepare
Registering precompiled user dll's ...
Registered in 0.005427 seconds.
Begin MonoManager ReloadAssembly
Native extension for WindowsStandalone target not found
Refreshing native plugins compatible for Editor in 0.55 ms, found 5 plugins.
Preloading 0 native plugins for Editor in 0.00 ms.
Mono: successfully reloaded assembly
- Completed reload, in  1.581 seconds
Domain Reload Profiling:
	ReloadAssembly (1582ms)
		BeginReloadAssembly (150ms)
			ExecutionOrderSort (0ms)
			DisableScriptedObjects (7ms)
			BackupInstance (0ms)
			ReleaseScriptingObjects (0ms)
			CreateAndSetChildDomain (44ms)
		EndReloadAssembly (1332ms)
			LoadAssemblies (134ms)
			RebuildTransferFunctionScriptingTraits (0ms)
			SetupTypeCache (421ms)
			ReleaseScriptCaches (1ms)
			RebuildScriptCaches (65ms)
			SetupLoadedEditorAssemblies (550ms)
				LogAssemblyErrors (0ms)
				InitializePlatformSupportModulesInManaged (8ms)
				SetLoadedEditorAssemblies (1ms)
				RefreshPlugins (1ms)
				BeforeProcessingInitializeOnLoad (121ms)
				ProcessInitializeOnLoadAttributes (402ms)
				ProcessInitializeOnLoadMethodAttributes (7ms)
				AfterProcessingInitializeOnLoad (11ms)
				EditorAssembliesLoaded (0ms)
			ExecutionOrderSort2 (0ms)
			AwakeInstancesAfterBackupRestoration (11ms)
Platform modules already initialized, skipping
Refreshing native plugins compatible for Editor in 0.35 ms, found 5 plugins.
Preloading 0 native plugins for Editor in 0.00 ms.
Unloading 1583 Unused Serialized files (Serialized files now loaded: 0)
System memory in use before: 75.8 MB.
System memory in use after: 75.9 MB.

Unloading 18 unused Assets to reduce memory usage. Loaded Objects now: 2090.
Total: 2.361900 ms (FindLiveObjects: 0.130600 ms CreateObjectMapping: 0.045400 ms MarkObjects: 2.173000 ms  DeleteObjects: 0.012200 ms)

AssetImportParameters requested are different than current active one (requested -> active):
  custom:framework-win-MediaFoundation: 216162199b28c13a410421893ffa2e32 -> 
  custom:video-decoder-ogg-theora: a1e56fd34408186e4bbccfd4996cb3dc -> 
  custom:container-muxer-webm: aa71ff27fc2769a1b78a27578f13a17b -> 
  custom:container-demuxer-webm: 4f35f7cbe854078d1ac9338744f61a02 -> 
  custom:container-demuxer-ogg: 62fdf1f143b41e24485cea50d1cbac27 -> 
  custom:video-encoder-webm-vp8: eb34c28f22e8b96e1ab97ce403110664 -> 
  custom:video-decoder-webm-vp8: 9c59270c3fd7afecdb556c50c9e8de78 -> 
  custom:audio-decoder-ogg-vorbis: bf7c407c2cedff20999df2af8eb42d56 -> 
  custom:audio-encoder-webm-vorbis: bf7c407c2cedff20999df2af8eb42d56 -> 
========================================================================
Received Prepare
Registering precompiled user dll's ...
Registered in 0.002830 seconds.
Begin MonoManager ReloadAssembly
Native extension for WindowsStandalone target not found
Refreshing native plugins compatible for Editor in 0.54 ms, found 5 plugins.
Preloading 0 native plugins for Editor in 0.00 ms.
Mono: successfully reloaded assembly
- Completed reload, in  1.540 seconds
Domain Reload Profiling:
	ReloadAssembly (1540ms)
		BeginReloadAssembly (140ms)
			ExecutionOrderSort (0ms)
			DisableScriptedObjects (4ms)
			BackupInstance (0ms)
			ReleaseScriptingObjects (0ms)
			CreateAndSetChildDomain (43ms)
		EndReloadAssembly (1300ms)
			LoadAssemblies (134ms)
			RebuildTransferFunctionScriptingTraits (0ms)
			SetupTypeCache (417ms)
			ReleaseScriptCaches (1ms)
			RebuildScriptCaches (63ms)
			SetupLoadedEditorAssemblies (520ms)
				LogAssemblyErrors (0ms)
				InitializePlatformSupportModulesInManaged (8ms)
				SetLoadedEditorAssemblies (1ms)
				RefreshPlugins (1ms)
				BeforeProcessingInitializeOnLoad (133ms)
				ProcessInitializeOnLoadAttributes (360ms)
				ProcessInitializeOnLoadMethodAttributes (7ms)
				AfterProcessingInitializeOnLoad (11ms)
				EditorAssembliesLoaded (0ms)
			ExecutionOrderSort2 (0ms)
			AwakeInstancesAfterBackupRestoration (11ms)
Platform modules already initialized, skipping
Refreshing native plugins compatible for Editor in 0.54 ms, found 5 plugins.
Preloading 0 native plugins for Editor in 0.00 ms.
Unloading 1583 Unused Serialized files (Serialized files now loaded: 0)
System memory in use before: 75.8 MB.
System memory in use after: 75.9 MB.

Unloading 18 unused Assets to reduce memory usage. Loaded Objects now: 2092.
Total: 4.393900 ms (FindLiveObjects: 0.236900 ms CreateObjectMapping: 0.086600 ms MarkObjects: 4.036600 ms  DeleteObjects: 0.031800 ms)

AssetImportParameters requested are different than current active one (requested -> active):
  custom:framework-win-MediaFoundation: 216162199b28c13a410421893ffa2e32 -> 
  custom:video-decoder-ogg-theora: a1e56fd34408186e4bbccfd4996cb3dc -> 
  custom:container-muxer-webm: aa71ff27fc2769a1b78a27578f13a17b -> 
  custom:container-demuxer-webm: 4f35f7cbe854078d1ac9338744f61a02 -> 
  custom:container-demuxer-ogg: 62fdf1f143b41e24485cea50d1cbac27 -> 
  custom:video-encoder-webm-vp8: eb34c28f22e8b96e1ab97ce403110664 -> 
  custom:video-decoder-webm-vp8: 9c59270c3fd7afecdb556c50c9e8de78 -> 
  custom:audio-decoder-ogg-vorbis: bf7c407c2cedff20999df2af8eb42d56 -> 
  custom:audio-encoder-webm-vorbis: bf7c407c2cedff20999df2af8eb42d56 -> 
========================================================================
Received Prepare
Registering precompiled user dll's ...
Registered in 0.006106 seconds.
Begin MonoManager ReloadAssembly
Native extension for WindowsStandalone target not found
Refreshing native plugins compatible for Editor in 0.62 ms, found 5 plugins.
Preloading 0 native plugins for Editor in 0.00 ms.
Mono: successfully reloaded assembly
- Completed reload, in  1.699 seconds
Domain Reload Profiling:
	ReloadAssembly (1700ms)
		BeginReloadAssembly (175ms)
			ExecutionOrderSort (0ms)
			DisableScriptedObjects (9ms)
			BackupInstance (0ms)
			ReleaseScriptingObjects (0ms)
			CreateAndSetChildDomain (51ms)
		EndReloadAssembly (1406ms)
			LoadAssemblies (161ms)
			RebuildTransferFunctionScriptingTraits (0ms)
			SetupTypeCache (474ms)
			ReleaseScriptCaches (1ms)
			RebuildScriptCaches (72ms)
			SetupLoadedEditorAssemblies (521ms)
				LogAssemblyErrors (0ms)
				InitializePlatformSupportModulesInManaged (9ms)
				SetLoadedEditorAssemblies (1ms)
				RefreshPlugins (1ms)
				BeforeProcessingInitializeOnLoad (140ms)
				ProcessInitializeOnLoadAttributes (351ms)
				ProcessInitializeOnLoadMethodAttributes (8ms)
				AfterProcessingInitializeOnLoad (12ms)
				EditorAssembliesLoaded (0ms)
			ExecutionOrderSort2 (0ms)
			AwakeInstancesAfterBackupRestoration (12ms)
Platform modules already initialized, skipping
Refreshing native plugins compatible for Editor in 0.61 ms, found 5 plugins.
Preloading 0 native plugins for Editor in 0.00 ms.
Unloading 1583 Unused Serialized files (Serialized files now loaded: 0)
System memory in use before: 75.8 MB.
System memory in use after: 75.9 MB.

Unloading 18 unused Assets to reduce memory usage. Loaded Objects now: 2094.
Total: 4.587200 ms (FindLiveObjects: 0.238200 ms CreateObjectMapping: 0.092400 ms MarkObjects: 4.229700 ms  DeleteObjects: 0.025500 ms)

AssetImportParameters requested are different than current active one (requested -> active):
  custom:framework-win-MediaFoundation: 216162199b28c13a410421893ffa2e32 -> 
  custom:video-decoder-ogg-theora: a1e56fd34408186e4bbccfd4996cb3dc -> 
  custom:container-muxer-webm: aa71ff27fc2769a1b78a27578f13a17b -> 
  custom:container-demuxer-webm: 4f35f7cbe854078d1ac9338744f61a02 -> 
  custom:container-demuxer-ogg: 62fdf1f143b41e24485cea50d1cbac27 -> 
  custom:video-encoder-webm-vp8: eb34c28f22e8b96e1ab97ce403110664 -> 
  custom:video-decoder-webm-vp8: 9c59270c3fd7afecdb556c50c9e8de78 -> 
  custom:audio-decoder-ogg-vorbis: bf7c407c2cedff20999df2af8eb42d56 -> 
  custom:audio-encoder-webm-vorbis: bf7c407c2cedff20999df2af8eb42d56 -> 
========================================================================
Received Prepare
Registering precompiled user dll's ...
Registered in 0.005255 seconds.
Begin MonoManager ReloadAssembly
Native extension for WindowsStandalone target not found
Refreshing native plugins compatible for Editor in 0.55 ms, found 5 plugins.
Preloading 0 native plugins for Editor in 0.00 ms.
Mono: successfully reloaded assembly
- Completed reload, in  1.262 seconds
Domain Reload Profiling:
	ReloadAssembly (1263ms)
		BeginReloadAssembly (155ms)
			ExecutionOrderSort (0ms)
			DisableScriptedObjects (7ms)
			BackupInstance (0ms)
			ReleaseScriptingObjects (0ms)
			CreateAndSetChildDomain (46ms)
		EndReloadAssembly (1003ms)
			LoadAssemblies (138ms)
			RebuildTransferFunctionScriptingTraits (0ms)
			SetupTypeCache (413ms)
			ReleaseScriptCaches (1ms)
			RebuildScriptCaches (63ms)
			SetupLoadedEditorAssemblies (250ms)
				LogAssemblyErrors (0ms)
				InitializePlatformSupportModulesInManaged (8ms)
				SetLoadedEditorAssemblies (1ms)
				RefreshPlugins (1ms)
				BeforeProcessingInitializeOnLoad (71ms)
				ProcessInitializeOnLoadAttributes (161ms)
				ProcessInitializeOnLoadMethodAttributes (3ms)
				AfterProcessingInitializeOnLoad (6ms)
				EditorAssembliesLoaded (0ms)
			ExecutionOrderSort2 (0ms)
			AwakeInstancesAfterBackupRestoration (6ms)
Platform modules already initialized, skipping
Refreshing native plugins compatible for Editor in 0.51 ms, found 5 plugins.
Preloading 0 native plugins for Editor in 0.00 ms.
Unloading 1583 Unused Serialized files (Serialized files now loaded: 0)
System memory in use before: 75.8 MB.
System memory in use after: 75.9 MB.

Unloading 18 unused Assets to reduce memory usage. Loaded Objects now: 2096.
Total: 3.159400 ms (FindLiveObjects: 0.190100 ms CreateObjectMapping: 0.053000 ms MarkObjects: 2.899000 ms  DeleteObjects: 0.016200 ms)

AssetImportParameters requested are different than current active one (requested -> active):
  custom:framework-win-MediaFoundation: 216162199b28c13a410421893ffa2e32 -> 
  custom:video-decoder-ogg-theora: a1e56fd34408186e4bbccfd4996cb3dc -> 
  custom:container-muxer-webm: aa71ff27fc2769a1b78a27578f13a17b -> 
  custom:container-demuxer-webm: 4f35f7cbe854078d1ac9338744f61a02 -> 
  custom:container-demuxer-ogg: 62fdf1f143b41e24485cea50d1cbac27 -> 
  custom:video-encoder-webm-vp8: eb34c28f22e8b96e1ab97ce403110664 -> 
  custom:video-decoder-webm-vp8: 9c59270c3fd7afecdb556c50c9e8de78 -> 
  custom:audio-decoder-ogg-vorbis: bf7c407c2cedff20999df2af8eb42d56 -> 
  custom:audio-encoder-webm-vorbis: bf7c407c2cedff20999df2af8eb42d56 -> 
========================================================================
Received Prepare
Registering precompiled user dll's ...
Registered in 0.005320 seconds.
Begin MonoManager ReloadAssembly
Native extension for WindowsStandalone target not found
Refreshing native plugins compatible for Editor in 0.55 ms, found 5 plugins.
Preloading 0 native plugins for Editor in 0.00 ms.
Mono: successfully reloaded assembly
- Completed reload, in  1.487 seconds
Domain Reload Profiling:
	ReloadAssembly (1487ms)
		BeginReloadAssembly (152ms)
			ExecutionOrderSort (0ms)
			DisableScriptedObjects (7ms)
			BackupInstance (0ms)
			ReleaseScriptingObjects (0ms)
			CreateAndSetChildDomain (46ms)
		EndReloadAssembly (1233ms)
			LoadAssemblies (137ms)
			RebuildTransferFunctionScriptingTraits (0ms)
			SetupTypeCache (426ms)
			ReleaseScriptCaches (1ms)
			RebuildScriptCaches (63ms)
			SetupLoadedEditorAssemblies (448ms)
				LogAssemblyErrors (0ms)
				InitializePlatformSupportModulesInManaged (8ms)
				SetLoadedEditorAssemblies (1ms)
				RefreshPlugins (1ms)
				BeforeProcessingInitializeOnLoad (121ms)
				ProcessInitializeOnLoadAttributes (301ms)
				ProcessInitializeOnLoadMethodAttributes (6ms)
				AfterProcessingInitializeOnLoad (10ms)
				EditorAssembliesLoaded (0ms)
			ExecutionOrderSort2 (0ms)
			AwakeInstancesAfterBackupRestoration (11ms)
Platform modules already initialized, skipping
Refreshing native plugins compatible for Editor in 0.56 ms, found 5 plugins.
Preloading 0 native plugins for Editor in 0.00 ms.
Unloading 1583 Unused Serialized files (Serialized files now loaded: 0)
System memory in use before: 75.8 MB.
System memory in use after: 75.9 MB.

Unloading 18 unused Assets to reduce memory usage. Loaded Objects now: 2098.
Total: 4.466400 ms (FindLiveObjects: 0.228400 ms CreateObjectMapping: 0.080100 ms MarkObjects: 4.133000 ms  DeleteObjects: 0.023800 ms)

AssetImportParameters requested are different than current active one (requested -> active):
  custom:framework-win-MediaFoundation: 216162199b28c13a410421893ffa2e32 -> 
  custom:video-decoder-ogg-theora: a1e56fd34408186e4bbccfd4996cb3dc -> 
  custom:container-muxer-webm: aa71ff27fc2769a1b78a27578f13a17b -> 
  custom:container-demuxer-webm: 4f35f7cbe854078d1ac9338744f61a02 -> 
  custom:container-demuxer-ogg: 62fdf1f143b41e24485cea50d1cbac27 -> 
  custom:video-encoder-webm-vp8: eb34c28f22e8b96e1ab97ce403110664 -> 
  custom:video-decoder-webm-vp8: 9c59270c3fd7afecdb556c50c9e8de78 -> 
  custom:audio-decoder-ogg-vorbis: bf7c407c2cedff20999df2af8eb42d56 -> 
  custom:audio-encoder-webm-vorbis: bf7c407c2cedff20999df2af8eb42d56 -> 
========================================================================
Received Prepare
Registering precompiled user dll's ...
Registered in 0.005240 seconds.
Begin MonoManager ReloadAssembly
Native extension for WindowsStandalone target not found
Refreshing native plugins compatible for Editor in 0.54 ms, found 5 plugins.
Preloading 0 native plugins for Editor in 0.00 ms.
Mono: successfully reloaded assembly
- Completed reload, in  1.494 seconds
Domain Reload Profiling:
	ReloadAssembly (1494ms)
		BeginReloadAssembly (155ms)
			ExecutionOrderSort (0ms)
			DisableScriptedObjects (8ms)
			BackupInstance (0ms)
			ReleaseScriptingObjects (0ms)
			CreateAndSetChildDomain (45ms)
		EndReloadAssembly (1235ms)
			LoadAssemblies (141ms)
			RebuildTransferFunctionScriptingTraits (0ms)
			SetupTypeCache (422ms)
			ReleaseScriptCaches (1ms)
			RebuildScriptCaches (66ms)
			SetupLoadedEditorAssemblies (450ms)
				LogAssemblyErrors (0ms)
				InitializePlatformSupportModulesInManaged (8ms)
				SetLoadedEditorAssemblies (1ms)
				RefreshPlugins (1ms)
				BeforeProcessingInitializeOnLoad (121ms)
				ProcessInitializeOnLoadAttributes (302ms)
				ProcessInitializeOnLoadMethodAttributes (6ms)
				AfterProcessingInitializeOnLoad (11ms)
				EditorAssembliesLoaded (0ms)
			ExecutionOrderSort2 (0ms)
			AwakeInstancesAfterBackupRestoration (11ms)
Platform modules already initialized, skipping
Refreshing native plugins compatible for Editor in 0.54 ms, found 5 plugins.
Preloading 0 native plugins for Editor in 0.00 ms.
Unloading 1583 Unused Serialized files (Serialized files now loaded: 0)
System memory in use before: 75.8 MB.
System memory in use after: 75.9 MB.

Unloading 18 unused Assets to reduce memory usage. Loaded Objects now: 2100.
Total: 3.907600 ms (FindLiveObjects: 0.195500 ms CreateObjectMapping: 0.073400 ms MarkObjects: 3.614500 ms  DeleteObjects: 0.022900 ms)

AssetImportParameters requested are different than current active one (requested -> active):
  custom:framework-win-MediaFoundation: 216162199b28c13a410421893ffa2e32 -> 
  custom:video-decoder-ogg-theora: a1e56fd34408186e4bbccfd4996cb3dc -> 
  custom:container-muxer-webm: aa71ff27fc2769a1b78a27578f13a17b -> 
  custom:container-demuxer-webm: 4f35f7cbe854078d1ac9338744f61a02 -> 
  custom:container-demuxer-ogg: 62fdf1f143b41e24485cea50d1cbac27 -> 
  custom:video-encoder-webm-vp8: eb34c28f22e8b96e1ab97ce403110664 -> 
  custom:video-decoder-webm-vp8: 9c59270c3fd7afecdb556c50c9e8de78 -> 
  custom:audio-decoder-ogg-vorbis: bf7c407c2cedff20999df2af8eb42d56 -> 
  custom:audio-encoder-webm-vorbis: bf7c407c2cedff20999df2af8eb42d56 -> 
========================================================================
Received Prepare
Registering precompiled user dll's ...
Registered in 0.005543 seconds.
Begin MonoManager ReloadAssembly
Native extension for WindowsStandalone target not found
Refreshing native plugins compatible for Editor in 0.35 ms, found 5 plugins.
Preloading 0 native plugins for Editor in 0.00 ms.
Mono: successfully reloaded assembly
- Completed reload, in  1.237 seconds
Domain Reload Profiling:
	ReloadAssembly (1237ms)
		BeginReloadAssembly (162ms)
			ExecutionOrderSort (0ms)
			DisableScriptedObjects (7ms)
			BackupInstance (0ms)
			ReleaseScriptingObjects (0ms)
			CreateAndSetChildDomain (43ms)
		EndReloadAssembly (972ms)
			LoadAssemblies (141ms)
			RebuildTransferFunctionScriptingTraits (0ms)
			SetupTypeCache (415ms)
			ReleaseScriptCaches (1ms)
			RebuildScriptCaches (63ms)
			SetupLoadedEditorAssemblies (242ms)
				LogAssemblyErrors (0ms)
				InitializePlatformSupportModulesInManaged (4ms)
				SetLoadedEditorAssemblies (0ms)
				RefreshPlugins (0ms)
				BeforeProcessingInitializeOnLoad (64ms)
				ProcessInitializeOnLoadAttributes (163ms)
				ProcessInitializeOnLoadMethodAttributes (4ms)
				AfterProcessingInitializeOnLoad (6ms)
				EditorAssembliesLoaded (0ms)
			ExecutionOrderSort2 (0ms)
			AwakeInstancesAfterBackupRestoration (6ms)
Platform modules already initialized, skipping
Refreshing native plugins compatible for Editor in 0.35 ms, found 5 plugins.
Preloading 0 native plugins for Editor in 0.00 ms.
Unloading 1583 Unused Serialized files (Serialized files now loaded: 0)
System memory in use before: 75.8 MB.
System memory in use after: 75.9 MB.

Unloading 18 unused Assets to reduce memory usage. Loaded Objects now: 2102.
Total: 2.375700 ms (FindLiveObjects: 0.143900 ms CreateObjectMapping: 0.047600 ms MarkObjects: 2.169900 ms  DeleteObjects: 0.013600 ms)

AssetImportParameters requested are different than current active one (requested -> active):
  custom:framework-win-MediaFoundation: 216162199b28c13a410421893ffa2e32 -> 
  custom:video-decoder-ogg-theora: a1e56fd34408186e4bbccfd4996cb3dc -> 
  custom:container-muxer-webm: aa71ff27fc2769a1b78a27578f13a17b -> 
  custom:container-demuxer-webm: 4f35f7cbe854078d1ac9338744f61a02 -> 
  custom:container-demuxer-ogg: 62fdf1f143b41e24485cea50d1cbac27 -> 
  custom:video-encoder-webm-vp8: eb34c28f22e8b96e1ab97ce403110664 -> 
  custom:video-decoder-webm-vp8: 9c59270c3fd7afecdb556c50c9e8de78 -> 
  custom:audio-decoder-ogg-vorbis: bf7c407c2cedff20999df2af8eb42d56 -> 
  custom:audio-encoder-webm-vorbis: bf7c407c2cedff20999df2af8eb42d56 -> 
========================================================================
Received Prepare
Registering precompiled user dll's ...
Registered in 0.005240 seconds.
Begin MonoManager ReloadAssembly
Native extension for WindowsStandalone target not found
Refreshing native plugins compatible for Editor in 0.55 ms, found 5 plugins.
Preloading 0 native plugins for Editor in 0.00 ms.
Mono: successfully reloaded assembly
- Completed reload, in  1.502 seconds
Domain Reload Profiling:
	ReloadAssembly (1503ms)
		BeginReloadAssembly (163ms)
			ExecutionOrderSort (0ms)
			DisableScriptedObjects (8ms)
			BackupInstance (0ms)
			ReleaseScriptingObjects (0ms)
			CreateAndSetChildDomain (49ms)
		EndReloadAssembly (1236ms)
			LoadAssemblies (140ms)
			RebuildTransferFunctionScriptingTraits (0ms)
			SetupTypeCache (431ms)
			ReleaseScriptCaches (1ms)
			RebuildScriptCaches (62ms)
			SetupLoadedEditorAssemblies (450ms)
				LogAssemblyErrors (0ms)
				InitializePlatformSupportModulesInManaged (8ms)
				SetLoadedEditorAssemblies (1ms)
				RefreshPlugins (1ms)
				BeforeProcessingInitializeOnLoad (120ms)
				ProcessInitializeOnLoadAttributes (304ms)
				ProcessInitializeOnLoadMethodAttributes (6ms)
				AfterProcessingInitializeOnLoad (10ms)
				EditorAssembliesLoaded (0ms)
			ExecutionOrderSort2 (0ms)
			AwakeInstancesAfterBackupRestoration (11ms)
Platform modules already initialized, skipping
Refreshing native plugins compatible for Editor in 0.54 ms, found 5 plugins.
Preloading 0 native plugins for Editor in 0.00 ms.
Unloading 1583 Unused Serialized files (Serialized files now loaded: 0)
System memory in use before: 75.8 MB.
System memory in use after: 75.9 MB.

Unloading 18 unused Assets to reduce memory usage. Loaded Objects now: 2104.
Total: 4.188400 ms (FindLiveObjects: 0.246700 ms CreateObjectMapping: 0.117200 ms MarkObjects: 3.794400 ms  DeleteObjects: 0.028500 ms)

AssetImportParameters requested are different than current active one (requested -> active):
  custom:framework-win-MediaFoundation: 216162199b28c13a410421893ffa2e32 -> 
  custom:video-decoder-ogg-theora: a1e56fd34408186e4bbccfd4996cb3dc -> 
  custom:container-muxer-webm: aa71ff27fc2769a1b78a27578f13a17b -> 
  custom:container-demuxer-webm: 4f35f7cbe854078d1ac9338744f61a02 -> 
  custom:container-demuxer-ogg: 62fdf1f143b41e24485cea50d1cbac27 -> 
  custom:video-encoder-webm-vp8: eb34c28f22e8b96e1ab97ce403110664 -> 
  custom:video-decoder-webm-vp8: 9c59270c3fd7afecdb556c50c9e8de78 -> 
  custom:audio-decoder-ogg-vorbis: bf7c407c2cedff20999df2af8eb42d56 -> 
  custom:audio-encoder-webm-vorbis: bf7c407c2cedff20999df2af8eb42d56 -> 
========================================================================
Received Prepare
Registering precompiled user dll's ...
Registered in 0.003166 seconds.
Begin MonoManager ReloadAssembly
Native extension for WindowsStandalone target not found
Refreshing native plugins compatible for Editor in 0.54 ms, found 5 plugins.
Preloading 0 native plugins for Editor in 0.00 ms.
Mono: successfully reloaded assembly
- Completed reload, in  1.406 seconds
Domain Reload Profiling:
	ReloadAssembly (1407ms)
		BeginReloadAssembly (89ms)
			ExecutionOrderSort (0ms)
			DisableScriptedObjects (4ms)
			BackupInstance (0ms)
			ReleaseScriptingObjects (0ms)
			CreateAndSetChildDomain (26ms)
		EndReloadAssembly (1229ms)
			LoadAssemblies (104ms)
			RebuildTransferFunctionScriptingTraits (0ms)
			SetupTypeCache (412ms)
			ReleaseScriptCaches (1ms)
			RebuildScriptCaches (62ms)
			SetupLoadedEditorAssemblies (460ms)
				LogAssemblyErrors (0ms)
				InitializePlatformSupportModulesInManaged (8ms)
				SetLoadedEditorAssemblies (1ms)
				RefreshPlugins (1ms)
				BeforeProcessingInitializeOnLoad (121ms)
				ProcessInitializeOnLoadAttributes (311ms)
				ProcessInitializeOnLoadMethodAttributes (7ms)
				AfterProcessingInitializeOnLoad (11ms)
				EditorAssembliesLoaded (0ms)
			ExecutionOrderSort2 (0ms)
			AwakeInstancesAfterBackupRestoration (11ms)
Platform modules already initialized, skipping
Refreshing native plugins compatible for Editor in 0.53 ms, found 5 plugins.
Preloading 0 native plugins for Editor in 0.00 ms.
Unloading 1583 Unused Serialized files (Serialized files now loaded: 0)
System memory in use before: 75.8 MB.
System memory in use after: 75.9 MB.

Unloading 18 unused Assets to reduce memory usage. Loaded Objects now: 2106.
Total: 4.210100 ms (FindLiveObjects: 0.231400 ms CreateObjectMapping: 0.096900 ms MarkObjects: 3.852100 ms  DeleteObjects: 0.028100 ms)

AssetImportParameters requested are different than current active one (requested -> active):
  custom:framework-win-MediaFoundation: 216162199b28c13a410421893ffa2e32 -> 
  custom:video-decoder-ogg-theora: a1e56fd34408186e4bbccfd4996cb3dc -> 
  custom:container-muxer-webm: aa71ff27fc2769a1b78a27578f13a17b -> 
  custom:container-demuxer-webm: 4f35f7cbe854078d1ac9338744f61a02 -> 
  custom:container-demuxer-ogg: 62fdf1f143b41e24485cea50d1cbac27 -> 
  custom:video-encoder-webm-vp8: eb34c28f22e8b96e1ab97ce403110664 -> 
  custom:video-decoder-webm-vp8: 9c59270c3fd7afecdb556c50c9e8de78 -> 
  custom:audio-decoder-ogg-vorbis: bf7c407c2cedff20999df2af8eb42d56 -> 
  custom:audio-encoder-webm-vorbis: bf7c407c2cedff20999df2af8eb42d56 -> 
========================================================================
Received Prepare
Registering precompiled user dll's ...
Registered in 0.005298 seconds.
Begin MonoManager ReloadAssembly
Native extension for WindowsStandalone target not found
Refreshing native plugins compatible for Editor in 0.55 ms, found 5 plugins.
Preloading 0 native plugins for Editor in 0.00 ms.
Mono: successfully reloaded assembly
- Completed reload, in  1.557 seconds
Domain Reload Profiling:
	ReloadAssembly (1557ms)
		BeginReloadAssembly (163ms)
			ExecutionOrderSort (0ms)
			DisableScriptedObjects (8ms)
			BackupInstance (0ms)
			ReleaseScriptingObjects (0ms)
			CreateAndSetChildDomain (45ms)
		EndReloadAssembly (1287ms)
			LoadAssemblies (137ms)
			RebuildTransferFunctionScriptingTraits (0ms)
			SetupTypeCache (435ms)
			ReleaseScriptCaches (1ms)
			RebuildScriptCaches (71ms)
			SetupLoadedEditorAssemblies (478ms)
				LogAssemblyErrors (0ms)
				InitializePlatformSupportModulesInManaged (8ms)
				SetLoadedEditorAssemblies (1ms)
				RefreshPlugins (1ms)
				BeforeProcessingInitializeOnLoad (121ms)
				ProcessInitializeOnLoadAttributes (329ms)
				ProcessInitializeOnLoadMethodAttributes (8ms)
				AfterProcessingInitializeOnLoad (11ms)
				EditorAssembliesLoaded (0ms)
			ExecutionOrderSort2 (0ms)
			AwakeInstancesAfterBackupRestoration (13ms)
Platform modules already initialized, skipping
Refreshing native plugins compatible for Editor in 0.56 ms, found 5 plugins.
Preloading 0 native plugins for Editor in 0.00 ms.
Unloading 1583 Unused Serialized files (Serialized files now loaded: 0)
System memory in use before: 75.8 MB.
System memory in use after: 75.9 MB.

Unloading 18 unused Assets to reduce memory usage. Loaded Objects now: 2108.
Total: 4.184000 ms (FindLiveObjects: 0.242800 ms CreateObjectMapping: 0.083100 ms MarkObjects: 3.831400 ms  DeleteObjects: 0.025100 ms)

AssetImportParameters requested are different than current active one (requested -> active):
  custom:framework-win-MediaFoundation: 216162199b28c13a410421893ffa2e32 -> 
  custom:video-decoder-ogg-theora: a1e56fd34408186e4bbccfd4996cb3dc -> 
  custom:container-muxer-webm: aa71ff27fc2769a1b78a27578f13a17b -> 
  custom:container-demuxer-webm: 4f35f7cbe854078d1ac9338744f61a02 -> 
  custom:container-demuxer-ogg: 62fdf1f143b41e24485cea50d1cbac27 -> 
  custom:video-encoder-webm-vp8: eb34c28f22e8b96e1ab97ce403110664 -> 
  custom:video-decoder-webm-vp8: 9c59270c3fd7afecdb556c50c9e8de78 -> 
  custom:audio-decoder-ogg-vorbis: bf7c407c2cedff20999df2af8eb42d56 -> 
  custom:audio-encoder-webm-vorbis: bf7c407c2cedff20999df2af8eb42d56 -> 
========================================================================
Received Prepare
Registering precompiled user dll's ...
Registered in 0.005354 seconds.
Begin MonoManager ReloadAssembly
Native extension for WindowsStandalone target not found
Refreshing native plugins compatible for Editor in 0.39 ms, found 5 plugins.
Preloading 0 native plugins for Editor in 0.00 ms.
Mono: successfully reloaded assembly
- Completed reload, in  0.855 seconds
Domain Reload Profiling:
	ReloadAssembly (855ms)
		BeginReloadAssembly (92ms)
			ExecutionOrderSort (0ms)
			DisableScriptedObjects (6ms)
			BackupInstance (0ms)
			ReleaseScriptingObjects (0ms)
			CreateAndSetChildDomain (26ms)
		EndReloadAssembly (702ms)
			LoadAssemblies (75ms)
			RebuildTransferFunctionScriptingTraits (0ms)
			SetupTypeCache (241ms)
			ReleaseScriptCaches (1ms)
			RebuildScriptCaches (35ms)
			SetupLoadedEditorAssemblies (261ms)
				LogAssemblyErrors (0ms)
				InitializePlatformSupportModulesInManaged (4ms)
				SetLoadedEditorAssemblies (0ms)
				RefreshPlugins (0ms)
				BeforeProcessingInitializeOnLoad (68ms)
				ProcessInitializeOnLoadAttributes (178ms)
				ProcessInitializeOnLoadMethodAttributes (4ms)
				AfterProcessingInitializeOnLoad (6ms)
				EditorAssembliesLoaded (0ms)
			ExecutionOrderSort2 (0ms)
			AwakeInstancesAfterBackupRestoration (6ms)
Platform modules already initialized, skipping
Refreshing native plugins compatible for Editor in 0.37 ms, found 5 plugins.
Preloading 0 native plugins for Editor in 0.00 ms.
Unloading 1583 Unused Serialized files (Serialized files now loaded: 0)
System memory in use before: 75.8 MB.
System memory in use after: 75.9 MB.

Unloading 18 unused Assets to reduce memory usage. Loaded Objects now: 2110.
Total: 2.651200 ms (FindLiveObjects: 0.206900 ms CreateObjectMapping: 0.076900 ms MarkObjects: 2.347800 ms  DeleteObjects: 0.018400 ms)

AssetImportParameters requested are different than current active one (requested -> active):
  custom:framework-win-MediaFoundation: 216162199b28c13a410421893ffa2e32 -> 
  custom:video-decoder-ogg-theora: a1e56fd34408186e4bbccfd4996cb3dc -> 
  custom:container-muxer-webm: aa71ff27fc2769a1b78a27578f13a17b -> 
  custom:container-demuxer-webm: 4f35f7cbe854078d1ac9338744f61a02 -> 
  custom:container-demuxer-ogg: 62fdf1f143b41e24485cea50d1cbac27 -> 
  custom:video-encoder-webm-vp8: eb34c28f22e8b96e1ab97ce403110664 -> 
  custom:video-decoder-webm-vp8: 9c59270c3fd7afecdb556c50c9e8de78 -> 
  custom:audio-decoder-ogg-vorbis: bf7c407c2cedff20999df2af8eb42d56 -> 
  custom:audio-encoder-webm-vorbis: bf7c407c2cedff20999df2af8eb42d56 -> 
========================================================================
Received Prepare
Registering precompiled user dll's ...
Registered in 0.003013 seconds.
Begin MonoManager ReloadAssembly
Native extension for WindowsStandalone target not found
Refreshing native plugins compatible for Editor in 0.54 ms, found 5 plugins.
Preloading 0 native plugins for Editor in 0.00 ms.
Mono: successfully reloaded assembly
- Completed reload, in  1.323 seconds
Domain Reload Profiling:
	ReloadAssembly (1323ms)
		BeginReloadAssembly (94ms)
			ExecutionOrderSort (0ms)
			DisableScriptedObjects (4ms)
			BackupInstance (0ms)
			ReleaseScriptingObjects (0ms)
			CreateAndSetChildDomain (27ms)
		EndReloadAssembly (1166ms)
			LoadAssemblies (77ms)
			RebuildTransferFunctionScriptingTraits (0ms)
			SetupTypeCache (351ms)
			ReleaseScriptCaches (1ms)
			RebuildScriptCaches (65ms)
			SetupLoadedEditorAssemblies (488ms)
				LogAssemblyErrors (0ms)
				InitializePlatformSupportModulesInManaged (8ms)
				SetLoadedEditorAssemblies (1ms)
				RefreshPlugins (1ms)
				BeforeProcessingInitializeOnLoad (122ms)
				ProcessInitializeOnLoadAttributes (340ms)
				ProcessInitializeOnLoadMethodAttributes (6ms)
				AfterProcessingInitializeOnLoad (11ms)
				EditorAssembliesLoaded (0ms)
			ExecutionOrderSort2 (0ms)
			AwakeInstancesAfterBackupRestoration (11ms)
Platform modules already initialized, skipping
Refreshing native plugins compatible for Editor in 0.54 ms, found 5 plugins.
Preloading 0 native plugins for Editor in 0.00 ms.
Unloading 1583 Unused Serialized files (Serialized files now loaded: 0)
System memory in use before: 75.8 MB.
System memory in use after: 75.9 MB.

Unloading 18 unused Assets to reduce memory usage. Loaded Objects now: 2112.
Total: 4.633200 ms (FindLiveObjects: 0.232800 ms CreateObjectMapping: 0.085000 ms MarkObjects: 4.287400 ms  DeleteObjects: 0.026400 ms)

AssetImportParameters requested are different than current active one (requested -> active):
  custom:framework-win-MediaFoundation: 216162199b28c13a410421893ffa2e32 -> 
  custom:video-decoder-ogg-theora: a1e56fd34408186e4bbccfd4996cb3dc -> 
  custom:container-muxer-webm: aa71ff27fc2769a1b78a27578f13a17b -> 
  custom:container-demuxer-webm: 4f35f7cbe854078d1ac9338744f61a02 -> 
  custom:container-demuxer-ogg: 62fdf1f143b41e24485cea50d1cbac27 -> 
  custom:video-encoder-webm-vp8: eb34c28f22e8b96e1ab97ce403110664 -> 
  custom:video-decoder-webm-vp8: 9c59270c3fd7afecdb556c50c9e8de78 -> 
  custom:audio-decoder-ogg-vorbis: bf7c407c2cedff20999df2af8eb42d56 -> 
  custom:audio-encoder-webm-vorbis: bf7c407c2cedff20999df2af8eb42d56 -> 
========================================================================
Received Prepare
Registering precompiled user dll's ...
Registered in 0.005314 seconds.
Begin MonoManager ReloadAssembly
Native extension for WindowsStandalone target not found
Refreshing native plugins compatible for Editor in 0.37 ms, found 5 plugins.
Preloading 0 native plugins for Editor in 0.00 ms.
Mono: successfully reloaded assembly
- Completed reload, in  1.115 seconds
Domain Reload Profiling:
	ReloadAssembly (1116ms)
		BeginReloadAssembly (155ms)
			ExecutionOrderSort (0ms)
			DisableScriptedObjects (8ms)
			BackupInstance (0ms)
			ReleaseScriptingObjects (0ms)
			CreateAndSetChildDomain (45ms)
		EndReloadAssembly (859ms)
			LoadAssemblies (141ms)
			RebuildTransferFunctionScriptingTraits (0ms)
			SetupTypeCache (323ms)
			ReleaseScriptCaches (1ms)
			RebuildScriptCaches (36ms)
			SetupLoadedEditorAssemblies (295ms)
				LogAssemblyErrors (0ms)
				InitializePlatformSupportModulesInManaged (5ms)
				SetLoadedEditorAssemblies (0ms)
				RefreshPlugins (0ms)
				BeforeProcessingInitializeOnLoad (67ms)
				ProcessInitializeOnLoadAttributes (210ms)
				ProcessInitializeOnLoadMethodAttributes (6ms)
				AfterProcessingInitializeOnLoad (6ms)
				EditorAssembliesLoaded (0ms)
			ExecutionOrderSort2 (0ms)
			AwakeInstancesAfterBackupRestoration (6ms)
Platform modules already initialized, skipping
Refreshing native plugins compatible for Editor in 0.36 ms, found 5 plugins.
Preloading 0 native plugins for Editor in 0.00 ms.
Unloading 1583 Unused Serialized files (Serialized files now loaded: 0)
System memory in use before: 75.8 MB.
System memory in use after: 75.9 MB.

Unloading 18 unused Assets to reduce memory usage. Loaded Objects now: 2114.
Total: 2.511200 ms (FindLiveObjects: 0.155300 ms CreateObjectMapping: 0.053900 ms MarkObjects: 2.287000 ms  DeleteObjects: 0.014200 ms)

AssetImportParameters requested are different than current active one (requested -> active):
  custom:framework-win-MediaFoundation: 216162199b28c13a410421893ffa2e32 -> 
  custom:video-decoder-ogg-theora: a1e56fd34408186e4bbccfd4996cb3dc -> 
  custom:container-muxer-webm: aa71ff27fc2769a1b78a27578f13a17b -> 
  custom:container-demuxer-webm: 4f35f7cbe854078d1ac9338744f61a02 -> 
  custom:container-demuxer-ogg: 62fdf1f143b41e24485cea50d1cbac27 -> 
  custom:video-encoder-webm-vp8: eb34c28f22e8b96e1ab97ce403110664 -> 
  custom:video-decoder-webm-vp8: 9c59270c3fd7afecdb556c50c9e8de78 -> 
  custom:audio-decoder-ogg-vorbis: bf7c407c2cedff20999df2af8eb42d56 -> 
  custom:audio-encoder-webm-vorbis: bf7c407c2cedff20999df2af8eb42d56 -> 
========================================================================
Received Import Request.
  Time since last request: 5607.114405 seconds.
  path: Assets/_Clump Prefabs/03/TWIST 03-1.prefab
  artifactKey: Guid(38c3536f720b4f1418b711e0ff6d8454) Importer(815301076,1909f56bfc062723c751e8b465ee728b)
Start importing Assets/_Clump Prefabs/03/TWIST 03-1.prefab using Guid(38c3536f720b4f1418b711e0ff6d8454) Importer(815301076,1909f56bfc062723c751e8b465ee728b)  -> (artifact id: '8c75c3e7ee228ed317ddeda1fc385a36') in 0.063635 seconds 
  Import took 0.066711 seconds .

========================================================================
Received Import Request.
  Time since last request: 4.873405 seconds.
  path: Assets/_Clump Prefabs/03/TWIST 03.prefab
  artifactKey: Guid(cbcfc6720e3135845a4a900cae4fc669) Importer(815301076,1909f56bfc062723c751e8b465ee728b)
Start importing Assets/_Clump Prefabs/03/TWIST 03.prefab using Guid(cbcfc6720e3135845a4a900cae4fc669) Importer(815301076,1909f56bfc062723c751e8b465ee728b)  -> (artifact id: 'c16659e027ad4c6527c8e80cee69b796') in 0.013273 seconds 
  Import took 0.017571 seconds .

========================================================================
Received Import Request.
  Time since last request: 30.094787 seconds.
  path: Assets/_Clump Prefabs/04/TWIST 04.prefab
  artifactKey: Guid(827d027f4dd6b1a4390bec573316eebd) Importer(815301076,1909f56bfc062723c751e8b465ee728b)
Start importing Assets/_Clump Prefabs/04/TWIST 04.prefab using Guid(827d027f4dd6b1a4390bec573316eebd) Importer(815301076,1909f56bfc062723c751e8b465ee728b)  -> (artifact id: 'a482459a820f93a48f82d7c1aea82a3c') in 0.012962 seconds 
  Import took 0.017284 seconds .

========================================================================
Received Import Request.
  Time since last request: 5.191076 seconds.
  path: Assets/_Clump Prefabs/04/TWIST 04-1.prefab
  artifactKey: Guid(95ec69f822c24f44eaf7c9d25ffe8d0f) Importer(815301076,1909f56bfc062723c751e8b465ee728b)
Start importing Assets/_Clump Prefabs/04/TWIST 04-1.prefab using Guid(95ec69f822c24f44eaf7c9d25ffe8d0f) Importer(815301076,1909f56bfc062723c751e8b465ee728b)  -> (artifact id: '10781db65758af2a4e63f20bbf4c19db') in 0.016742 seconds 
  Import took 0.020594 seconds .

========================================================================
Received Prepare
Registering precompiled user dll's ...
Registered in 0.002814 seconds.
Begin MonoManager ReloadAssembly
Native extension for WindowsStandalone target not found
Refreshing native plugins compatible for Editor in 0.36 ms, found 5 plugins.
Preloading 0 native plugins for Editor in 0.00 ms.
Mono: successfully reloaded assembly
- Completed reload, in  0.961 seconds
Domain Reload Profiling:
	ReloadAssembly (961ms)
		BeginReloadAssembly (98ms)
			ExecutionOrderSort (0ms)
			DisableScriptedObjects (4ms)
			BackupInstance (0ms)
			ReleaseScriptingObjects (0ms)
			CreateAndSetChildDomain (31ms)
		EndReloadAssembly (803ms)
			LoadAssemblies (76ms)
			RebuildTransferFunctionScriptingTraits (0ms)
			SetupTypeCache (252ms)
			ReleaseScriptCaches (1ms)
			RebuildScriptCaches (35ms)
			SetupLoadedEditorAssemblies (333ms)
				LogAssemblyErrors (0ms)
				InitializePlatformSupportModulesInManaged (4ms)
				SetLoadedEditorAssemblies (0ms)
				RefreshPlugins (0ms)
				BeforeProcessingInitializeOnLoad (66ms)
				ProcessInitializeOnLoadAttributes (241ms)
				ProcessInitializeOnLoadMethodAttributes (7ms)
				AfterProcessingInitializeOnLoad (12ms)
				EditorAssembliesLoaded (0ms)
			ExecutionOrderSort2 (0ms)
			AwakeInstancesAfterBackupRestoration (12ms)
Platform modules already initialized, skipping
Refreshing native plugins compatible for Editor in 0.55 ms, found 5 plugins.
Preloading 0 native plugins for Editor in 0.00 ms.
Unloading 1583 Unused Serialized files (Serialized files now loaded: 0)
System memory in use before: 75.8 MB.
System memory in use after: 75.9 MB.

Unloading 18 unused Assets to reduce memory usage. Loaded Objects now: 2117.
Total: 3.962000 ms (FindLiveObjects: 0.223300 ms CreateObjectMapping: 0.086000 ms MarkObjects: 3.625200 ms  DeleteObjects: 0.025500 ms)

AssetImportParameters requested are different than current active one (requested -> active):
  custom:framework-win-MediaFoundation: 216162199b28c13a410421893ffa2e32 -> 
  custom:video-decoder-ogg-theora: a1e56fd34408186e4bbccfd4996cb3dc -> 
  custom:container-muxer-webm: aa71ff27fc2769a1b78a27578f13a17b -> 
  custom:container-demuxer-webm: 4f35f7cbe854078d1ac9338744f61a02 -> 
  custom:container-demuxer-ogg: 62fdf1f143b41e24485cea50d1cbac27 -> 
  custom:video-encoder-webm-vp8: eb34c28f22e8b96e1ab97ce403110664 -> 
  custom:video-decoder-webm-vp8: 9c59270c3fd7afecdb556c50c9e8de78 -> 
  custom:audio-decoder-ogg-vorbis: bf7c407c2cedff20999df2af8eb42d56 -> 
  custom:audio-encoder-webm-vorbis: bf7c407c2cedff20999df2af8eb42d56 -> 
AssetImportWorkerClient::OnTransportError - code=2 error=End of file
